#
# There is insufficient memory for the Java Runtime Environment to continue.
# Native memory allocation (malloc) failed to allocate 32744 bytes for ChunkPool::allocate
# Possible reasons:
#   The system is out of physical RAM or swap space
#   The process is running with CompressedOops enabled, and the Java Heap may be blocking the growth of the native heap
# Possible solutions:
#   Reduce memory load on the system
#   Increase physical memory or swap space
#   Check if swap backing store is full
#   Decrease Java heap size (-Xmx/-Xms)
#   Decrease number of Java threads
#   Decrease Java thread stack sizes (-Xss)
#   Set larger code cache with -XX:ReservedCodeCacheSize=
#   JVM is running with Unscaled Compressed Oops mode in which the Java heap is
#     placed in the first 4GB address space. The Java Heap base address is the
#     maximum limit for the native heap growth. Please use -XX:HeapBaseMinAddress
#     to set the Java Heap base and to place the Java Heap above 4GB virtual address.
# This output file may be truncated or incomplete.
#
#  Out of Memory Error (allocation.cpp:272), pid=3224, tid=0x0000000000003048
#
# JRE version: OpenJDK Runtime Environment (8.0_202-b03) (build 1.8.0_202-release-1483-b03)
# Java VM: OpenJDK 64-Bit Server VM (25.202-b03 mixed mode windows-amd64 compressed oops)
# Failed to write core dump. Minidumps are not enabled by default on client versions of Windows
#

---------------  T H R E A D  ---------------

Current thread (0x00000000177e7000):  JavaThread "C2 CompilerThread2" daemon [_thread_in_native, id=12360, stack(0x00000000182e0000,0x00000000183e0000)]

Stack: [0x00000000182e0000,0x00000000183e0000]
[error occurred during error reporting (printing stack bounds), id 0xc0000005]

Native frames: (J=compiled Java code, j=interpreted, Vv=VM code, C=native code)


Current CompileTask:
C2: 264373 12125       4       java.io.ObjectOutputStream::writeNonProxyDesc (109 bytes)


---------------  P R O C E S S  ---------------

Java Threads: ( => current thread )
  0x0000000019ea6000 JavaThread "RMI TCP Connection(1)-127.0.0.1" daemon [_thread_in_native, id=8704, stack(0x0000000026f60000,0x0000000027060000)]
  0x0000000019ea6800 JavaThread "RMI Reaper" [_thread_blocked, id=8656, stack(0x0000000026e60000,0x0000000026f60000)]
  0x0000000019ea8000 JavaThread "RMI TCP Accept-0" daemon [_thread_in_native, id=8660, stack(0x0000000026d60000,0x0000000026e60000)]
  0x0000000019ea5000 JavaThread "GC Daemon" daemon [_thread_blocked, id=7852, stack(0x0000000026c60000,0x0000000026d60000)]
  0x0000000019ea4800 JavaThread "RMI RenewClean-[127.0.0.1:17191,org.jetbrains.kotlin.daemon.common.LoopbackNetworkInterface$ClientLoopbackSocketFactory@530d4a2b]" daemon [_thread_blocked, id=9408, stack(0x0000000026b60000,0x0000000026c60000)]
  0x0000000019ea0800 JavaThread "RMI Scheduler(0)" daemon [_thread_blocked, id=10084, stack(0x0000000026560000,0x0000000026660000)]
  0x0000000019e9f000 JavaThread "stdout" [_thread_in_native, id=1176, stack(0x0000000026860000,0x0000000026960000)]
  0x0000000019ea2000 JavaThread "stderr" [_thread_in_native, id=1356, stack(0x0000000026760000,0x0000000026860000)]
  0x0000000019ea3800 JavaThread "pool-5-thread-1" [_thread_blocked, id=7404, stack(0x0000000026660000,0x0000000026760000)]
  0x0000000019ea1800 JavaThread "WorkerExecutor Queue" [_thread_blocked, id=3752, stack(0x0000000026460000,0x0000000026560000)]
  0x0000000019ea0000 JavaThread "Cache worker for execution history cache (C:\Users\Marvin\Desktop\Studium\3. Semester\Homeium\.gradle\5.4.1\executionHistory)" [_thread_blocked, id=8224, stack(0x0000000026260000,0x0000000026360000)]
  0x0000000019530000 JavaThread "Execution worker for ':' Thread 7" [_thread_blocked, id=14784, stack(0x0000000026160000,0x0000000026260000)]
  0x000000001952e000 JavaThread "Execution worker for ':' Thread 6" [_thread_blocked, id=14736, stack(0x0000000026060000,0x0000000026160000)]
  0x000000001bb7b800 JavaThread "Execution worker for ':' Thread 5" [_thread_blocked, id=11812, stack(0x0000000025f60000,0x0000000026060000)]
  0x000000001bb7a800 JavaThread "Execution worker for ':' Thread 4" [_thread_blocked, id=14472, stack(0x0000000025d60000,0x0000000025e60000)]
  0x000000001bb73000 JavaThread "Execution worker for ':' Thread 3" [_thread_in_native, id=14476, stack(0x0000000025c60000,0x0000000025d60000)]
  0x000000001bb7a000 JavaThread "Execution worker for ':' Thread 2" [_thread_blocked, id=8240, stack(0x0000000025b60000,0x0000000025c60000)]
  0x000000001bb72800 JavaThread "Execution worker for ':'" [_thread_blocked, id=7864, stack(0x0000000025a60000,0x0000000025b60000)]
  0x000000001bb74000 JavaThread "Cache worker for file content cache (C:\Users\Marvin\Desktop\Studium\3. Semester\Homeium\.gradle\5.4.1\fileContent)" [_thread_blocked, id=14820, stack(0x0000000025760000,0x0000000025860000)]
  0x000000001bb71800 JavaThread "Cache worker for file content cache (C:\Users\Marvin\.gradle\caches\5.4.1\fileContent)" [_thread_blocked, id=7928, stack(0x0000000025660000,0x0000000025760000)]
  0x0000000020beb800 JavaThread "Cache worker for Build Output Cleanup Cache (C:\Users\Marvin\Desktop\Studium\3. Semester\Homeium\.gradle\buildOutputCleanup)" [_thread_blocked, id=14684, stack(0x0000000025560000,0x0000000025660000)]
  0x0000000020bea800 JavaThread "Build operations Thread 8" [_thread_blocked, id=14936, stack(0x0000000025460000,0x0000000025560000)]
  0x0000000020bea000 JavaThread "Build operations Thread 7" [_thread_blocked, id=11032, stack(0x0000000024f60000,0x0000000025060000)]
  0x0000000020bec000 JavaThread "Build operations Thread 6" [_thread_blocked, id=14468, stack(0x0000000022990000,0x0000000022a90000)]
  0x0000000020be2800 JavaThread "Build operations Thread 5" [_thread_blocked, id=8252, stack(0x0000000022290000,0x0000000022390000)]
  0x0000000020be9000 JavaThread "Build operations Thread 4" [_thread_blocked, id=14108, stack(0x0000000022190000,0x0000000022290000)]
  0x0000000020be8800 JavaThread "Build operations Thread 3" [_thread_blocked, id=1220, stack(0x0000000022090000,0x0000000022190000)]
  0x0000000020be1000 JavaThread "Build operations Thread 2" [_thread_blocked, id=14408, stack(0x0000000021f90000,0x0000000022090000)]
  0x0000000020be7000 JavaThread "Build operations" [_thread_blocked, id=14912, stack(0x0000000021e90000,0x0000000021f90000)]
  0x0000000020be6000 JavaThread "Cache worker for cache directory md-rule (C:\Users\Marvin\.gradle\caches\5.4.1\md-rule)" [_thread_blocked, id=13152, stack(0x0000000021d90000,0x0000000021e90000)]
  0x0000000020be7800 JavaThread "Cache worker for cache directory md-supplier (C:\Users\Marvin\.gradle\caches\5.4.1\md-supplier)" [_thread_blocked, id=964, stack(0x000000001eff0000,0x000000001f0f0000)]
  0x0000000020bde800 JavaThread "Cache worker for file hash cache (C:\Users\Marvin\Desktop\Studium\3. Semester\Homeium\.gradle\5.4.1\fileHashes)" [_thread_blocked, id=9044, stack(0x000000001ead0000,0x000000001ebd0000)]
  0x0000000020be1800 JavaThread "Thread-56" [_thread_blocked, id=4468, stack(0x000000001e7d0000,0x000000001e8d0000)]
  0x0000000020be3000 JavaThread "Stdin handler" [_thread_blocked, id=14404, stack(0x000000001b060000,0x000000001b160000)]
  0x0000000020be5800 JavaThread "Asynchronous log dispatcher for DefaultDaemonConnection: socket connection from /127.0.0.1:50858 to /127.0.0.1:50919" [_thread_blocked, id=14572, stack(0x000000001ad60000,0x000000001ae60000)]
  0x0000000020bde000 JavaThread "Daemon worker Thread 2" [_thread_blocked, id=9872, stack(0x000000001a860000,0x000000001a960000)]
  0x0000000020be4800 JavaThread "Cancel handler" [_thread_blocked, id=14544, stack(0x0000000001260000,0x0000000001360000)]
  0x0000000020be0000 JavaThread "Handler for socket connection from /127.0.0.1:50858 to /127.0.0.1:50919" [_thread_in_native, id=14412, stack(0x0000000001160000,0x0000000001260000)]
  0x0000000020bdd000 JavaThread "Daemon Thread 2" [_thread_blocked, id=14668, stack(0x0000000001060000,0x0000000001160000)]
  0x000000001bb75800 JavaThread "Memory manager" [_thread_blocked, id=9080, stack(0x0000000023490000,0x0000000023590000)]
  0x000000001952a000 JavaThread "Cache worker for execution history cache (C:\Users\Marvin\.gradle\caches\5.4.1\executionHistory)" [_thread_blocked, id=10016, stack(0x000000001f0f0000,0x000000001f1f0000)]
  0x000000001952b800 JavaThread "Cache worker for journal cache (C:\Users\Marvin\.gradle\caches\journal-1)" [_thread_blocked, id=12608, stack(0x000000001b360000,0x000000001b460000)]
  0x000000001952b000 JavaThread "File lock request listener" [_thread_in_native, id=14676, stack(0x000000001b260000,0x000000001b360000)]
  0x00000000199bb800 JavaThread "Cache worker for file hash cache (C:\Users\Marvin\.gradle\caches\5.4.1\fileHashes)" [_thread_blocked, id=15264, stack(0x000000001b160000,0x000000001b260000)]
  0x00000000196bf800 JavaThread "Daemon periodic checks" [_thread_blocked, id=10008, stack(0x000000001a760000,0x000000001a860000)]
  0x0000000017b3a000 JavaThread "Incoming local TCP Connector on port 50858" [_thread_in_native, id=12524, stack(0x000000001a4f0000,0x000000001a5f0000)]
  0x00000000195bd800 JavaThread "Daemon health stats" [_thread_blocked, id=8700, stack(0x0000000019eb0000,0x0000000019fb0000)]
  0x0000000017879800 JavaThread "Service Thread" daemon [_thread_blocked, id=10292, stack(0x00000000184e0000,0x00000000185e0000)]
  0x00000000177f0000 JavaThread "C1 CompilerThread3" daemon [_thread_blocked, id=14940, stack(0x00000000183e0000,0x00000000184e0000)]
=>0x00000000177e7000 JavaThread "C2 CompilerThread2" daemon [_thread_in_native, id=12360, stack(0x00000000182e0000,0x00000000183e0000)]
  0x00000000159d9000 JavaThread "C2 CompilerThread1" daemon [_thread_in_native, id=10680, stack(0x00000000181e0000,0x00000000182e0000)]
  0x00000000177e1800 JavaThread "C2 CompilerThread0" daemon [_thread_in_native, id=6756, stack(0x00000000180e0000,0x00000000181e0000)]
  0x00000000177dd000 JavaThread "Attach Listener" daemon [_thread_blocked, id=15084, stack(0x0000000017fe0000,0x00000000180e0000)]
  0x00000000177dc000 JavaThread "Signal Dispatcher" daemon [_thread_blocked, id=10800, stack(0x0000000017ee0000,0x0000000017fe0000)]
  0x0000000002eac800 JavaThread "Finalizer" daemon [_thread_blocked, id=10768, stack(0x0000000017cb0000,0x0000000017db0000)]
  0x00000000177d0800 JavaThread "Reference Handler" daemon [_thread_blocked, id=3916, stack(0x0000000017bb0000,0x0000000017cb0000)]
  0x0000000002dad800 JavaThread "main" [_thread_blocked, id=12556, stack(0x0000000002c50000,0x0000000002d50000)]

Other Threads:
  0x00000000159c8800 VMThread [stack: 0x00000000176b0000,0x00000000177b0000] [id=12680]
  0x000000001783c800 WatcherThread [stack: 0x00000000185e0000,0x00000000186e0000] [id=4232]

VM state:not at safepoint (normal execution)

VM Mutex/Monitor currently owned by a thread: None

heap address: 0x00000000c0000000, size: 1024 MB, Compressed Oops mode: 32-bit
Narrow klass base: 0x0000000000000000, Narrow klass shift: 3
Compressed class space size: 1073741824 Address: 0x0000000100000000

Heap:
 PSYoungGen      total 247808K, used 100456K [0x00000000eab00000, 0x00000000fc380000, 0x0000000100000000)
  eden space 225792K, 38% used [0x00000000eab00000,0x00000000f00d4d10,0x00000000f8780000)
  from space 22016K, 57% used [0x00000000fae00000,0x00000000fba45368,0x00000000fc380000)
  to   space 30720K, 0% used [0x00000000f8780000,0x00000000f8780000,0x00000000fa580000)
 ParOldGen       total 140800K, used 67062K [0x00000000c0000000, 0x00000000c8980000, 0x00000000eab00000)
  object space 140800K, 47% used [0x00000000c0000000,0x00000000c417d908,0x00000000c8980000)
 Metaspace       used 78511K, capacity 81962K, committed 82072K, reserved 1120256K
  class space    used 10398K, capacity 11083K, committed 11160K, reserved 1048576K

Card table byte_map: [0x0000000012270000,0x0000000012480000] byte_map_base: 0x0000000011c70000

Marking Bits: (ParMarkBitMap*) 0x00000000765f9f30
 Begin Bits: [0x0000000012de0000, 0x0000000013de0000)
 End Bits:   [0x0000000013de0000, 0x0000000014de0000)

Polling page: 0x00000000013a0000

CodeCache: size=245760Kb used=33598Kb max_used=34045Kb free=212161Kb
 bounds [0x0000000002eb0000, 0x0000000005020000, 0x0000000011eb0000]
 total_blobs=11122 nmethods=10273 adapters=761
 compilation: enabled

Compilation events (10 events):
Event: 264.319 Thread 0x00000000177f0000 12143       3       java.util.Arrays::fill (28 bytes)
Event: 264.320 Thread 0x00000000177f0000 nmethod 12143 0x0000000003335450 code [0x00000000033355c0, 0x0000000003335828]
Event: 264.320 Thread 0x00000000177f0000 12144       3       com.google.common.collect.CompactHashMap::resizeEntries (58 bytes)
Event: 264.321 Thread 0x00000000177f0000 nmethod 12144 0x00000000032d5d90 code [0x00000000032d5f60, 0x00000000032d67f8]
Event: 264.321 Thread 0x00000000177f0000 12145       3       com.google.common.collect.CompactHashMap::resizeTable (137 bytes)
Event: 264.322 Thread 0x00000000177f0000 nmethod 12145 0x0000000003756050 code [0x00000000037561e0, 0x00000000037566c8]
Event: 264.322 Thread 0x00000000177f0000 12146       3       java.lang.ref.PhantomReference::<init> (7 bytes)
Event: 264.323 Thread 0x00000000177f0000 nmethod 12146 0x0000000002fb00d0 code [0x0000000002fb0240, 0x0000000002fb04f0]
Event: 264.338 Thread 0x00000000177e1800 12148       4       java.io.ObjectOutputStream::writeClassDesc (60 bytes)
Event: 264.344 Thread 0x00000000159d9000 12149       4       org.gradle.api.internal.artifacts.transform.ConsumerProvidedResolvedVariant::startVisit (62 bytes)

GC Heap History (10 events):
Event: 8.545 GC heap before
{Heap before GC invocations=15 (full 3):
 PSYoungGen      total 189440K, used 3676K [0x00000000eab00000, 0x00000000f8300000, 0x0000000100000000)
  eden space 170496K, 0% used [0x00000000eab00000,0x00000000eab00000,0x00000000f5180000)
  from space 18944K, 19% used [0x00000000f6400000,0x00000000f67973d8,0x00000000f7680000)
  to   space 18944K, 0% used [0x00000000f5180000,0x00000000f5180000,0x00000000f6400000)
 ParOldGen       total 93184K, used 35608K [0x00000000c0000000, 0x00000000c5b00000, 0x00000000eab00000)
  object space 93184K, 38% used [0x00000000c0000000,0x00000000c22c6250,0x00000000c5b00000)
 Metaspace       used 57301K, capacity 59046K, committed 59160K, reserved 1099776K
  class space    used 7749K, capacity 8159K, committed 8216K, reserved 1048576K
Event: 8.824 GC heap after
Heap after GC invocations=15 (full 3):
 PSYoungGen      total 189440K, used 0K [0x00000000eab00000, 0x00000000f8300000, 0x0000000100000000)
  eden space 170496K, 0% used [0x00000000eab00000,0x00000000eab00000,0x00000000f5180000)
  from space 18944K, 0% used [0x00000000f6400000,0x00000000f6400000,0x00000000f7680000)
  to   space 18944K, 0% used [0x00000000f5180000,0x00000000f5180000,0x00000000f6400000)
 ParOldGen       total 140800K, used 32442K [0x00000000c0000000, 0x00000000c8980000, 0x00000000eab00000)
  object space 140800K, 23% used [0x00000000c0000000,0x00000000c1faeb38,0x00000000c8980000)
 Metaspace       used 57276K, capacity 58962K, committed 59160K, reserved 1099776K
  class space    used 7741K, capacity 8145K, committed 8216K, reserved 1048576K
}
Event: 10.418 GC heap before
{Heap before GC invocations=16 (full 3):
 PSYoungGen      total 189440K, used 170496K [0x00000000eab00000, 0x00000000f8300000, 0x0000000100000000)
  eden space 170496K, 100% used [0x00000000eab00000,0x00000000f5180000,0x00000000f5180000)
  from space 18944K, 0% used [0x00000000f6400000,0x00000000f6400000,0x00000000f7680000)
  to   space 18944K, 0% used [0x00000000f5180000,0x00000000f5180000,0x00000000f6400000)
 ParOldGen       total 140800K, used 32442K [0x00000000c0000000, 0x00000000c8980000, 0x00000000eab00000)
  object space 140800K, 23% used [0x00000000c0000000,0x00000000c1faeb38,0x00000000c8980000)
 Metaspace       used 62846K, capacity 65028K, committed 65304K, reserved 1105920K
  class space    used 8627K, capacity 9124K, committed 9240K, reserved 1048576K
Event: 10.436 GC heap after
Heap after GC invocations=16 (full 3):
 PSYoungGen      total 189440K, used 14364K [0x00000000eab00000, 0x00000000f9600000, 0x0000000100000000)
  eden space 170496K, 0% used [0x00000000eab00000,0x00000000eab00000,0x00000000f5180000)
  from space 18944K, 75% used [0x00000000f5180000,0x00000000f5f872d8,0x00000000f6400000)
  to   space 19968K, 0% used [0x00000000f8280000,0x00000000f8280000,0x00000000f9600000)
 ParOldGen       total 140800K, used 32450K [0x00000000c0000000, 0x00000000c8980000, 0x00000000eab00000)
  object space 140800K, 23% used [0x00000000c0000000,0x00000000c1fb0b38,0x00000000c8980000)
 Metaspace       used 62846K, capacity 65028K, committed 65304K, reserved 1105920K
  class space    used 8627K, capacity 9124K, committed 9240K, reserved 1048576K
}
Event: 12.241 GC heap before
{Heap before GC invocations=17 (full 3):
 PSYoungGen      total 189440K, used 184860K [0x00000000eab00000, 0x00000000f9600000, 0x0000000100000000)
  eden space 170496K, 100% used [0x00000000eab00000,0x00000000f5180000,0x00000000f5180000)
  from space 18944K, 75% used [0x00000000f5180000,0x00000000f5f872d8,0x00000000f6400000)
  to   space 19968K, 0% used [0x00000000f8280000,0x00000000f8280000,0x00000000f9600000)
 ParOldGen       total 140800K, used 32450K [0x00000000c0000000, 0x00000000c8980000, 0x00000000eab00000)
  object space 140800K, 23% used [0x00000000c0000000,0x00000000c1fb0b38,0x00000000c8980000)
 Metaspace       used 65798K, capacity 68090K, committed 68120K, reserved 1107968K
  class space    used 8965K, capacity 9466K, committed 9496K, reserved 1048576K
Event: 12.269 GC heap after
Heap after GC invocations=17 (full 3):
 PSYoungGen      total 215552K, used 19943K [0x00000000eab00000, 0x00000000f9f80000, 0x0000000100000000)
  eden space 195584K, 0% used [0x00000000eab00000,0x00000000eab00000,0x00000000f6a00000)
  from space 19968K, 99% used [0x00000000f8280000,0x00000000f95f9e50,0x00000000f9600000)
  to   space 25088K, 0% used [0x00000000f6a00000,0x00000000f6a00000,0x00000000f8280000)
 ParOldGen       total 140800K, used 38925K [0x00000000c0000000, 0x00000000c8980000, 0x00000000eab00000)
  object space 140800K, 27% used [0x00000000c0000000,0x00000000c26037c8,0x00000000c8980000)
 Metaspace       used 65798K, capacity 68090K, committed 68120K, reserved 1107968K
  class space    used 8965K, capacity 9466K, committed 9496K, reserved 1048576K
}
Event: 17.559 GC heap before
{Heap before GC invocations=18 (full 3):
 PSYoungGen      total 215552K, used 215527K [0x00000000eab00000, 0x00000000f9f80000, 0x0000000100000000)
  eden space 195584K, 100% used [0x00000000eab00000,0x00000000f6a00000,0x00000000f6a00000)
  from space 19968K, 99% used [0x00000000f8280000,0x00000000f95f9e50,0x00000000f9600000)
  to   space 25088K, 0% used [0x00000000f6a00000,0x00000000f6a00000,0x00000000f8280000)
 ParOldGen       total 140800K, used 38925K [0x00000000c0000000, 0x00000000c8980000, 0x00000000eab00000)
  object space 140800K, 27% used [0x00000000c0000000,0x00000000c26037c8,0x00000000c8980000)
 Metaspace       used 73002K, capacity 76042K, committed 76184K, reserved 1116160K
  class space    used 9695K, capacity 10279K, committed 10392K, reserved 1048576K
Event: 17.694 GC heap after
Heap after GC invocations=18 (full 3):
 PSYoungGen      total 220672K, used 25059K [0x00000000eab00000, 0x00000000fce00000, 0x0000000100000000)
  eden space 195584K, 0% used [0x00000000eab00000,0x00000000eab00000,0x00000000f6a00000)
  from space 25088K, 99% used [0x00000000f6a00000,0x00000000f8278d10,0x00000000f8280000)
  to   space 32768K, 0% used [0x00000000fae00000,0x00000000fae00000,0x00000000fce00000)
 ParOldGen       total 140800K, used 48544K [0x00000000c0000000, 0x00000000c8980000, 0x00000000eab00000)
  object space 140800K, 34% used [0x00000000c0000000,0x00000000c2f68190,0x00000000c8980000)
 Metaspace       used 73002K, capacity 76042K, committed 76184K, reserved 1116160K
  class space    used 9695K, capacity 10279K, committed 10392K, reserved 1048576K
}
Event: 236.630 GC heap before
{Heap before GC invocations=19 (full 3):
 PSYoungGen      total 220672K, used 220643K [0x00000000eab00000, 0x00000000fce00000, 0x0000000100000000)
  eden space 195584K, 100% used [0x00000000eab00000,0x00000000f6a00000,0x00000000f6a00000)
  from space 25088K, 99% used [0x00000000f6a00000,0x00000000f8278d10,0x00000000f8280000)
  to   space 32768K, 0% used [0x00000000fae00000,0x00000000fae00000,0x00000000fce00000)
 ParOldGen       total 140800K, used 48544K [0x00000000c0000000, 0x00000000c8980000, 0x00000000eab00000)
  object space 140800K, 34% used [0x00000000c0000000,0x00000000c2f68190,0x00000000c8980000)
 Metaspace       used 75466K, capacity 78872K, committed 79000K, reserved 1118208K
  class space    used 9953K, capacity 10624K, committed 10648K, reserved 1048576K
Event: 236.657 GC heap after
Heap after GC invocations=19 (full 3):
 PSYoungGen      total 247808K, used 12564K [0x00000000eab00000, 0x00000000fc380000, 0x0000000100000000)
  eden space 225792K, 0% used [0x00000000eab00000,0x00000000eab00000,0x00000000f8780000)
  from space 22016K, 57% used [0x00000000fae00000,0x00000000fba45368,0x00000000fc380000)
  to   space 30720K, 0% used [0x00000000f8780000,0x00000000f8780000,0x00000000fa580000)
 ParOldGen       total 140800K, used 67062K [0x00000000c0000000, 0x00000000c8980000, 0x00000000eab00000)
  object space 140800K, 47% used [0x00000000c0000000,0x00000000c417d908,0x00000000c8980000)
 Metaspace       used 75466K, capacity 78872K, committed 79000K, reserved 1118208K
  class space    used 9953K, capacity 10624K, committed 10648K, reserved 1048576K
}

Deoptimization events (10 events):
Event: 249.297 Thread 0x0000000019ea6000 Uncommon trap: reason=unstable_if action=reinterpret pc=0x0000000004a7c4f4 method=java.io.BufferedInputStream.fill()V @ 9
Event: 264.221 Thread 0x0000000020bde800 Uncommon trap: reason=unstable_if action=reinterpret pc=0x0000000004f73e58 method=org.gradle.cache.internal.btree.FileBackedBlockStore.attach(Lorg/gradle/cache/internal/btree/BlockPayload;)V @ 4
Event: 264.221 Thread 0x0000000020bde800 Uncommon trap: reason=unstable_if action=reinterpret pc=0x0000000003f4d398 method=org.gradle.cache.internal.btree.FileBackedBlockStore$BlockImpl.getPos()Lorg/gradle/cache/internal/btree/BlockPointer; @ 4
Event: 264.222 Thread 0x0000000020bde800 Uncommon trap: reason=bimorphic action=maybe_recompile pc=0x0000000004a5e24c method=java.io.DataOutputStream.writeLong(J)V @ 108
Event: 264.222 Thread 0x0000000020bde800 Uncommon trap: reason=bimorphic action=maybe_recompile pc=0x0000000004a5e24c method=java.io.DataOutputStream.writeLong(J)V @ 108
Event: 264.222 Thread 0x0000000020bde800 Uncommon trap: reason=bimorphic action=maybe_recompile pc=0x0000000004a5e24c method=java.io.DataOutputStream.writeLong(J)V @ 108
Event: 264.222 Thread 0x0000000020bde800 Uncommon trap: reason=bimorphic action=maybe_recompile pc=0x0000000004a5e24c method=java.io.DataOutputStream.writeLong(J)V @ 108
Event: 264.266 Thread 0x0000000019ea0000 Uncommon trap: reason=unstable_if action=reinterpret pc=0x0000000004aba7ec method=com.google.common.collect.ImmutableMultimap$1.hasNext()Z @ 9
Event: 264.268 Thread 0x0000000019ea0000 Uncommon trap: reason=predicate action=maybe_recompile pc=0x0000000004bfeb74 method=java.util.Collections.indexedBinarySearch(Ljava/util/List;Ljava/lang/Object;)I @ 16
Event: 264.269 Thread 0x0000000019ea0000 Uncommon trap: reason=predicate action=maybe_recompile pc=0x0000000004498988 method=java.util.Collections.indexedBinarySearch(Ljava/util/List;Ljava/lang/Object;)I @ 16

Classes redefined (0 events):
No events

Internal exceptions (10 events):
Event: 249.153 Thread 0x000000001bb73000 Exception <a 'java/lang/NoSuchMethodError': <clinit>> (0x00000000ef6cf670) thrown at [D:\src\AOSP-openjdk-cygwin\jdk8u\hotspot\src\share\vm\prims\jni.cpp, line 1614]
Event: 249.169 Thread 0x000000001bb73000 Exception <a 'java/lang/NoSuchMethodError': <clinit>> (0x00000000ef6e5808) thrown at [D:\src\AOSP-openjdk-cygwin\jdk8u\hotspot\src\share\vm\prims\jni.cpp, line 1614]
Event: 249.173 Thread 0x000000001bb73000 Exception <a 'java/lang/NoSuchMethodError': <clinit>> (0x00000000ef73af88) thrown at [D:\src\AOSP-openjdk-cygwin\jdk8u\hotspot\src\share\vm\prims\jni.cpp, line 1614]
Event: 249.188 Thread 0x0000000019ea4800 Exception <a 'java/lang/InterruptedException'> (0x00000000ef7783b0) thrown at [D:\src\AOSP-openjdk-cygwin\jdk8u\hotspot\src\share\vm\runtime\objectMonitor.cpp, line 1680]
Event: 249.206 Thread 0x000000001bb73000 Exception <a 'java/lang/NoSuchMethodError': <clinit>> (0x00000000ef7be0f8) thrown at [D:\src\AOSP-openjdk-cygwin\jdk8u\hotspot\src\share\vm\prims\jni.cpp, line 1614]
Event: 249.207 Thread 0x000000001bb73000 Exception <a 'java/lang/NoSuchMethodError': <clinit>> (0x00000000ef7cc178) thrown at [D:\src\AOSP-openjdk-cygwin\jdk8u\hotspot\src\share\vm\prims\jni.cpp, line 1614]
Event: 249.208 Thread 0x000000001bb73000 Exception <a 'java/lang/NoSuchMethodError': <clinit>> (0x00000000ef7e0828) thrown at [D:\src\AOSP-openjdk-cygwin\jdk8u\hotspot\src\share\vm\prims\jni.cpp, line 1614]
Event: 249.221 Thread 0x000000001bb73000 Exception <a 'java/lang/NoSuchMethodError': <clinit>> (0x00000000ef816c68) thrown at [D:\src\AOSP-openjdk-cygwin\jdk8u\hotspot\src\share\vm\prims\jni.cpp, line 1614]
Event: 249.251 Thread 0x000000001bb73000 Exception <a 'java/lang/NoSuchMethodError': <clinit>> (0x00000000ef994108) thrown at [D:\src\AOSP-openjdk-cygwin\jdk8u\hotspot\src\share\vm\prims\jni.cpp, line 1614]
Event: 249.255 Thread 0x000000001bb73000 Exception <a 'java/lang/NoSuchMethodError': <clinit>> (0x00000000efa3f458) thrown at [D:\src\AOSP-openjdk-cygwin\jdk8u\hotspot\src\share\vm\prims\jni.cpp, line 1614]

Events (10 events):
Event: 264.270 Thread 0x00000000177f0000 flushing nmethod 0x0000000004a0b350
Event: 264.270 Thread 0x00000000177f0000 flushing nmethod 0x0000000004a0bad0
Event: 264.270 Thread 0x00000000177f0000 flushing nmethod 0x0000000004a30310
Event: 264.270 Thread 0x00000000177f0000 flushing nmethod 0x0000000004a42a90
Event: 264.271 Thread 0x00000000177f0000 flushing nmethod 0x0000000004a7f990
Event: 264.271 Thread 0x00000000177f0000 flushing nmethod 0x0000000004a8be90
Event: 264.272 Thread 0x00000000177f0000 flushing nmethod 0x0000000004aa5210
Event: 264.272 Thread 0x00000000177f0000 flushing nmethod 0x0000000004b44090
Event: 264.272 Thread 0x00000000177f0000 flushing nmethod 0x0000000004b47010
Event: 264.273 Thread 0x00000000177f0000 flushing nmethod 0x0000000004cd1010


Dynamic libraries:
0x00007ff7d9a90000 - 0x00007ff7d9ac1000 	C:\Program Files\Android\Android Studio\jre\bin\java.exe
0x00007ff993fa0000 - 0x00007ff994190000 	C:\WINDOWS\SYSTEM32\ntdll.dll
0x00007ff992f90000 - 0x00007ff993042000 	C:\WINDOWS\System32\KERNEL32.DLL
0x00007ff9912d0000 - 0x00007ff991573000 	C:\WINDOWS\System32\KERNELBASE.dll
0x00007ff9924c0000 - 0x00007ff992563000 	C:\WINDOWS\System32\ADVAPI32.dll
0x00007ff993050000 - 0x00007ff9930ee000 	C:\WINDOWS\System32\msvcrt.dll
0x00007ff9930f0000 - 0x00007ff993187000 	C:\WINDOWS\System32\sechost.dll
0x00007ff992c30000 - 0x00007ff992d50000 	C:\WINDOWS\System32\RPCRT4.dll
0x00007ff992dc0000 - 0x00007ff992f54000 	C:\WINDOWS\System32\USER32.dll
0x00007ff991020000 - 0x00007ff991041000 	C:\WINDOWS\System32\win32u.dll
0x00007ff992f60000 - 0x00007ff992f86000 	C:\WINDOWS\System32\GDI32.dll
0x00007ff991db0000 - 0x00007ff991f44000 	C:\WINDOWS\System32\gdi32full.dll
0x00007ff9911a0000 - 0x00007ff99123e000 	C:\WINDOWS\System32\msvcp_win.dll
0x00007ff991f50000 - 0x00007ff99204a000 	C:\WINDOWS\System32\ucrtbase.dll
0x00007ff97c920000 - 0x00007ff97cba5000 	C:\WINDOWS\WinSxS\amd64_microsoft.windows.common-controls_6595b64144ccf1df_6.0.18362.418_none_e6c6b287130d565d\COMCTL32.dll
0x00007ff993c20000 - 0x00007ff993f56000 	C:\WINDOWS\System32\combase.dll
0x00007ff990f30000 - 0x00007ff990fb0000 	C:\WINDOWS\System32\bcryptPrimitives.dll
0x00007ff9932b0000 - 0x00007ff9932de000 	C:\WINDOWS\System32\IMM32.DLL
0x0000000075d50000 - 0x0000000075e22000 	C:\Program Files\Android\Android Studio\jre\jre\bin\msvcr100.dll
0x0000000075e30000 - 0x0000000076676000 	C:\Program Files\Android\Android Studio\jre\jre\bin\server\jvm.dll
0x00007ff993190000 - 0x00007ff993198000 	C:\WINDOWS\System32\PSAPI.DLL
0x00007ff98d510000 - 0x00007ff98d519000 	C:\WINDOWS\SYSTEM32\WSOCK32.dll
0x00007ff98eb80000 - 0x00007ff98eba4000 	C:\WINDOWS\SYSTEM32\WINMM.dll
0x00007ff98aa90000 - 0x00007ff98aa9a000 	C:\WINDOWS\SYSTEM32\VERSION.dll
0x00007ff992d50000 - 0x00007ff992dbf000 	C:\WINDOWS\System32\WS2_32.dll
0x00007ff98e6b0000 - 0x00007ff98e6dd000 	C:\WINDOWS\SYSTEM32\winmmbase.dll
0x00007ff990fb0000 - 0x00007ff990ffa000 	C:\WINDOWS\System32\cfgmgr32.dll
0x00007ff98bd70000 - 0x00007ff98bd7f000 	C:\Program Files\Android\Android Studio\jre\jre\bin\verify.dll
0x00007ff98b870000 - 0x00007ff98b899000 	C:\Program Files\Android\Android Studio\jre\jre\bin\java.dll
0x00007ff98bd50000 - 0x00007ff98bd66000 	C:\Program Files\Android\Android Studio\jre\jre\bin\zip.dll
0x00007ff9934c0000 - 0x00007ff993ba5000 	C:\WINDOWS\System32\SHELL32.dll
0x00007ff992950000 - 0x00007ff9929f9000 	C:\WINDOWS\System32\shcore.dll
0x00007ff991630000 - 0x00007ff991daf000 	C:\WINDOWS\System32\windows.storage.dll
0x00007ff990f10000 - 0x00007ff990f2f000 	C:\WINDOWS\System32\profapi.dll
0x00007ff990ec0000 - 0x00007ff990f0a000 	C:\WINDOWS\System32\powrprof.dll
0x00007ff990e70000 - 0x00007ff990e80000 	C:\WINDOWS\System32\UMPDC.dll
0x00007ff992720000 - 0x00007ff992772000 	C:\WINDOWS\System32\shlwapi.dll
0x00007ff990ea0000 - 0x00007ff990eb1000 	C:\WINDOWS\System32\kernel.appcore.dll
0x00007ff991000000 - 0x00007ff991017000 	C:\WINDOWS\System32\cryptsp.dll
0x00007ff98b850000 - 0x00007ff98b86a000 	C:\Program Files\Android\Android Studio\jre\jre\bin\net.dll
0x00007ff9906e0000 - 0x00007ff990747000 	C:\WINDOWS\system32\mswsock.dll
0x00007ff98b830000 - 0x00007ff98b841000 	C:\Program Files\Android\Android Studio\jre\jre\bin\nio.dll
0x00007ff984a80000 - 0x00007ff984aa6000 	C:\Users\Marvin\.gradle\native\29\windows-amd64\native-platform.dll
0x00007ff98b820000 - 0x00007ff98b82d000 	C:\Program Files\Android\Android Studio\jre\jre\bin\management.dll
0x00007ff990250000 - 0x00007ff990283000 	C:\WINDOWS\system32\rsaenh.dll
0x00007ff991240000 - 0x00007ff991266000 	C:\WINDOWS\System32\bcrypt.dll
0x00007ff990d60000 - 0x00007ff990d85000 	C:\WINDOWS\SYSTEM32\USERENV.dll
0x00007ff9908b0000 - 0x00007ff9908bc000 	C:\WINDOWS\SYSTEM32\CRYPTBASE.dll
0x00007ff9903f0000 - 0x00007ff99042a000 	C:\WINDOWS\SYSTEM32\IPHLPAPI.DLL
0x00007ff992bc0000 - 0x00007ff992bc8000 	C:\WINDOWS\System32\NSI.dll
0x00007ff985b40000 - 0x00007ff985b56000 	C:\WINDOWS\SYSTEM32\dhcpcsvc6.DLL
0x00007ff985df0000 - 0x00007ff985e0c000 	C:\WINDOWS\SYSTEM32\dhcpcsvc.DLL
0x00007ff990430000 - 0x00007ff9904fa000 	C:\WINDOWS\SYSTEM32\DNSAPI.dll
0x00007ff98a150000 - 0x00007ff98a16e000 	C:\Users\Marvin\AppData\Local\Temp\native-platform3416208968705298525dir\native-platform.dll

VM Arguments:
jvm_args: -Xmx1024M -Dfile.encoding=windows-1252 -Duser.country=DE -Duser.language=de -Duser.variant 
java_command: org.gradle.launcher.daemon.bootstrap.GradleDaemon 5.4.1
java_class_path (initial): C:\Users\Marvin\.gradle\wrapper\dists\gradle-5.4.1-all\3221gyojl5jsh0helicew7rwx\gradle-5.4.1\lib\gradle-launcher-5.4.1.jar
Launcher Type: SUN_STANDARD

Environment Variables:
PATH=C:\Program Files (x86)\Common Files\Oracle\Java\javapath;C:\WINDOWS\system32;C:\WINDOWS;C:\WINDOWS\System32\Wbem;C:\WINDOWS\System32\WindowsPowerShell\v1.0\;C:\WINDOWS\System32\OpenSSH\;C:\Program Files (x86)\Brackets\command;C:\Program Files\Git\cmd;C:\Program Files (x86)\Intel\Intel(R) Management Engine Components\DAL;C:\Program Files\Intel\Intel(R) Management Engine Components\DAL;C:\Users\Marvin\AppData\Local\Microsoft\WindowsApps;C:\Program Files\Java\jdk1.8.0_191\bin;;C:\Program Files\JetBrains\IntelliJ IDEA Community Edition 2019.2.3\bin;
USERNAME=Marvin
OS=Windows_NT
PROCESSOR_IDENTIFIER=Intel64 Family 6 Model 142 Stepping 10, GenuineIntel



---------------  S Y S T E M  ---------------

OS: Windows 10.0 , 64 bit Build 18362 (10.0.18362.329)

CPU:total 8 (initial active 8) (4 cores per cpu, 2 threads per core) family 6 model 142 stepping 10, cmov, cx8, fxsr, mmx, sse, sse2, sse3, ssse3, sse4.1, sse4.2, popcnt, avx, avx2, aes, clmul, erms, 3dnowpref, lzcnt, ht, tsc, tscinvbit, bmi1, bmi2, adx

Memory: 4k page, physical 8287504k(415760k free), swap 10240272k(580k free)

vm_info: OpenJDK 64-Bit Server VM (25.202-b03) for windows-amd64 JRE (1.8.0_202-release-1483-b03), built by "builder" with MS VC++ 10.0 (VS2010)

time: Wed Nov 06 17:47:28 2019
timezone: Mitteleuropäische Zeit
elapsed time: 264 seconds (0d 0h 4m 24s)

