#
# There is insufficient memory for the Java Runtime Environment to continue.
# Native memory allocation (malloc) failed to allocate 32744 bytes for ChunkPool::allocate
# Possible reasons:
#   The system is out of physical RAM or swap space
#   The process is running with CompressedOops enabled, and the Java Heap may be blocking the growth of the native heap
# Possible solutions:
#   Reduce memory load on the system
#   Increase physical memory or swap space
#   Check if swap backing store is full
#   Decrease Java heap size (-Xmx/-Xms)
#   Decrease number of Java threads
#   Decrease Java thread stack sizes (-Xss)
#   Set larger code cache with -XX:ReservedCodeCacheSize=
#   JVM is running with Unscaled Compressed Oops mode in which the Java heap is
#     placed in the first 4GB address space. The Java Heap base address is the
#     maximum limit for the native heap growth. Please use -XX:HeapBaseMinAddress
#     to set the Java Heap base and to place the Java Heap above 4GB virtual address.
# This output file may be truncated or incomplete.
#
#  Out of Memory Error (allocation.cpp:272), pid=15740, tid=0x00000000000041ac
#
# JRE version: OpenJDK Runtime Environment (8.0_202-b03) (build 1.8.0_202-release-1483-b03)
# Java VM: OpenJDK 64-Bit Server VM (25.202-b03 mixed mode windows-amd64 compressed oops)
# Failed to write core dump. Minidumps are not enabled by default on client versions of Windows
#

---------------  T H R E A D  ---------------

Current thread (0x000000001a24a000):  JavaThread "C1 CompilerThread3" daemon [_thread_in_native, id=16812, stack(0x000000001ae40000,0x000000001af40000)]

Stack: [0x000000001ae40000,0x000000001af40000]
[error occurred during error reporting (printing stack bounds), id 0xc0000005]

Native frames: (J=compiled Java code, j=interpreted, Vv=VM code, C=native code)


Current CompileTask:
C1:    164  233       3       jdk.internal.org.objectweb.asm.Frame::execute (2252 bytes)


---------------  P R O C E S S  ---------------

Java Threads: ( => current thread )
  0x000000001a2e0800 JavaThread "Service Thread" daemon [_thread_blocked, id=15652, stack(0x000000001af40000,0x000000001b040000)]
=>0x000000001a24a000 JavaThread "C1 CompilerThread3" daemon [_thread_in_native, id=16812, stack(0x000000001ae40000,0x000000001af40000)]
  0x000000001a242000 JavaThread "C2 CompilerThread2" daemon [_thread_blocked, id=11824, stack(0x000000001ad40000,0x000000001ae40000)]
  0x000000001a23b800 JavaThread "C2 CompilerThread1" daemon [_thread_blocked, id=16000, stack(0x000000001ac40000,0x000000001ad40000)]
  0x000000001a239800 JavaThread "C2 CompilerThread0" daemon [_thread_in_native, id=9560, stack(0x000000001ab40000,0x000000001ac40000)]
  0x000000001a238000 JavaThread "Attach Listener" daemon [_thread_blocked, id=12032, stack(0x000000001aa40000,0x000000001ab40000)]
  0x000000001a237000 JavaThread "Signal Dispatcher" daemon [_thread_blocked, id=14016, stack(0x000000001a940000,0x000000001aa40000)]
  0x000000001a230800 JavaThread "Finalizer" daemon [_thread_blocked, id=11540, stack(0x000000001a710000,0x000000001a810000)]
  0x000000001842c800 JavaThread "Reference Handler" daemon [_thread_blocked, id=16860, stack(0x000000001a610000,0x000000001a710000)]
  0x000000000195e000 JavaThread "main" [_thread_in_vm_trans, id=9684, stack(0x00000000031b0000,0x00000000032b0000)]

Other Threads:
  0x0000000018427800 VMThread [stack: 0x000000001a110000,0x000000001a210000] [id=10568]
  0x000000001a2e1000 WatcherThread [stack: 0x000000001b040000,0x000000001b140000] [id=8392]

VM state:not at safepoint (normal execution)

VM Mutex/Monitor currently owned by a thread: None

heap address: 0x0000000081800000, size: 2024 MB, Compressed Oops mode: 32-bit
Narrow klass base: 0x0000000000000000, Narrow klass shift: 3
Compressed class space size: 1073741824 Address: 0x0000000100000000

Heap:
 PSYoungGen      total 38400K, used 6049K [0x00000000d5d80000, 0x00000000d8800000, 0x0000000100000000)
  eden space 33280K, 18% used [0x00000000d5d80000,0x00000000d63684e8,0x00000000d7e00000)
  from space 5120K, 0% used [0x00000000d8300000,0x00000000d8300000,0x00000000d8800000)
  to   space 5120K, 0% used [0x00000000d7e00000,0x00000000d7e00000,0x00000000d8300000)
 ParOldGen       total 87552K, used 0K [0x0000000081800000, 0x0000000086d80000, 0x00000000d5d80000)
  object space 87552K, 0% used [0x0000000081800000,0x0000000081800000,0x0000000086d80000)
 Metaspace       used 4624K, capacity 5000K, committed 5248K, reserved 1056768K
  class space    used 498K, capacity 562K, committed 640K, reserved 1048576K

Card table byte_map: [0x0000000012850000,0x0000000012c50000] byte_map_base: 0x0000000012444000

Marking Bits: (ParMarkBitMap*) 0x0000000053719f30
 Begin Bits: [0x0000000013700000, 0x00000000156a0000)
 End Bits:   [0x00000000156a0000, 0x0000000017640000)

Polling page: 0x00000000018a0000

CodeCache: size=245760Kb used=1520Kb max_used=1530Kb free=244239Kb
 bounds [0x0000000003490000, 0x0000000003700000, 0x0000000012490000]
 total_blobs=525 nmethods=247 adapters=192
 compilation: enabled

Compilation events (10 events):
Event: 0.157 Thread 0x000000001a24a000  228       3       java.util.Collections$UnmodifiableCollection$1::hasNext (10 bytes)
Event: 0.157 Thread 0x000000001a24a000 nmethod 228 0x0000000003604f10 code [0x0000000003605080, 0x00000000036052a8]
Event: 0.157 Thread 0x000000001a24a000  224  s    3       java.lang.StringBuffer::toString (36 bytes)
Event: 0.157 Thread 0x000000001a24a000 nmethod 224 0x0000000003605350 code [0x00000000036054e0, 0x0000000003605988]
Event: 0.157 Thread 0x000000001a24a000  229       3       jdk.internal.org.objectweb.asm.Type::getArgumentsAndReturnSizes (151 bytes)
Event: 0.158 Thread 0x000000001a24a000 nmethod 229 0x0000000003605f50 code [0x0000000003606180, 0x0000000003606f18]
Event: 0.158 Thread 0x000000001a24a000  230       3       java.lang.invoke.InvokerBytecodeGenerator::isStaticallyNameable (116 bytes)
Event: 0.159 Thread 0x000000001a24a000 nmethod 230 0x00000000036078d0 code [0x0000000003607c40, 0x0000000003609d18]
Event: 0.159 Thread 0x000000001a24a000  233       3       jdk.internal.org.objectweb.asm.Frame::execute (2252 bytes)
Event: 0.161 Thread 0x000000001a239800  249       4       jdk.internal.org.objectweb.asm.ByteVector::putUTF8 (142 bytes)

GC Heap History (0 events):
No events

Deoptimization events (0 events):
No events

Classes redefined (0 events):
No events

Internal exceptions (9 events):
Event: 0.028 Thread 0x000000000195e000 Exception <a 'java/lang/NoSuchMethodError': Method sun.misc.Unsafe.defineClass(Ljava/lang/String;[BII)Ljava/lang/Class; name or signature does not match> (0x00000000d5d87cb0) thrown at [D:\src\AOSP-openjdk-cygwin\jdk8u\hotspot\src\share\vm\prims\jni.cpp, 
Event: 0.028 Thread 0x000000000195e000 Exception <a 'java/lang/NoSuchMethodError': Method sun.misc.Unsafe.prefetchRead(Ljava/lang/Object;J)V name or signature does not match> (0x00000000d5d87f98) thrown at [D:\src\AOSP-openjdk-cygwin\jdk8u\hotspot\src\share\vm\prims\jni.cpp, line 4012]
Event: 0.116 Thread 0x000000000195e000 Exception <a 'java/security/PrivilegedActionException'> (0x00000000d61c8a60) thrown at [D:\src\AOSP-openjdk-cygwin\jdk8u\hotspot\src\share\vm\prims\jvm.cpp, line 1508]
Event: 0.116 Thread 0x000000000195e000 Exception <a 'java/security/PrivilegedActionException'> (0x00000000d61c8e58) thrown at [D:\src\AOSP-openjdk-cygwin\jdk8u\hotspot\src\share\vm\prims\jvm.cpp, line 1508]
Event: 0.116 Thread 0x000000000195e000 Exception <a 'java/security/PrivilegedActionException'> (0x00000000d61cce30) thrown at [D:\src\AOSP-openjdk-cygwin\jdk8u\hotspot\src\share\vm\prims\jvm.cpp, line 1508]
Event: 0.116 Thread 0x000000000195e000 Exception <a 'java/security/PrivilegedActionException'> (0x00000000d61cd228) thrown at [D:\src\AOSP-openjdk-cygwin\jdk8u\hotspot\src\share\vm\prims\jvm.cpp, line 1508]
Event: 0.117 Thread 0x000000000195e000 Exception <a 'java/security/PrivilegedActionException'> (0x00000000d61ceb30) thrown at [D:\src\AOSP-openjdk-cygwin\jdk8u\hotspot\src\share\vm\prims\jvm.cpp, line 1508]
Event: 0.117 Thread 0x000000000195e000 Exception <a 'java/security/PrivilegedActionException'> (0x00000000d61cef28) thrown at [D:\src\AOSP-openjdk-cygwin\jdk8u\hotspot\src\share\vm\prims\jvm.cpp, line 1508]
Event: 0.161 Thread 0x000000000195e000 Exception <a 'java/lang/NoSuchFieldError': method resolution failed> (0x00000000d62ddda0) thrown at [D:\src\AOSP-openjdk-cygwin\jdk8u\hotspot\src\share\vm\prims\methodHandles.cpp, line 1167]

Events (10 events):
Event: 0.149 loading class java/lang/invoke/DelegatingMethodHandle done
Event: 0.149 loading class java/lang/invoke/MethodHandleImpl$AsVarargsCollector done
Event: 0.149 loading class java/lang/invoke/WrongMethodTypeException
Event: 0.150 loading class java/lang/invoke/WrongMethodTypeException done
Event: 0.151 loading class java/lang/invoke/MethodHandleImpl$Lazy
Event: 0.151 loading class java/lang/invoke/MethodHandleImpl$Lazy done
Event: 0.151 loading class java/lang/invoke/MethodHandleImpl$IntrinsicMethodHandle
Event: 0.151 loading class java/lang/invoke/MethodHandleImpl$IntrinsicMethodHandle done
Event: 0.161 loading class java/lang/NoSuchFieldError
Event: 0.161 loading class java/lang/NoSuchFieldError done


Dynamic libraries:
0x00007ff78e790000 - 0x00007ff78e7c1000 	C:\Program Files\Android\Android Studio\jre\jre\bin\java.exe
0x00007ffe70140000 - 0x00007ffe70330000 	C:\WINDOWS\SYSTEM32\ntdll.dll
0x00007ffe6f850000 - 0x00007ffe6f902000 	C:\WINDOWS\System32\KERNEL32.DLL
0x00007ffe6ddc0000 - 0x00007ffe6e063000 	C:\WINDOWS\System32\KERNELBASE.dll
0x00007ffe6e620000 - 0x00007ffe6e6c3000 	C:\WINDOWS\System32\ADVAPI32.dll
0x00007ffe6f6f0000 - 0x00007ffe6f78e000 	C:\WINDOWS\System32\msvcrt.dll
0x00007ffe6e950000 - 0x00007ffe6e9e7000 	C:\WINDOWS\System32\sechost.dll
0x00007ffe6e6d0000 - 0x00007ffe6e7f0000 	C:\WINDOWS\System32\RPCRT4.dll
0x00007ffe6fc70000 - 0x00007ffe6fe04000 	C:\WINDOWS\System32\USER32.dll
0x00007ffe6e0f0000 - 0x00007ffe6e111000 	C:\WINDOWS\System32\win32u.dll
0x00007ffe6ffc0000 - 0x00007ffe6ffe6000 	C:\WINDOWS\System32\GDI32.dll
0x00007ffe6d3d0000 - 0x00007ffe6d564000 	C:\WINDOWS\System32\gdi32full.dll
0x00007ffe6e120000 - 0x00007ffe6e1be000 	C:\WINDOWS\System32\msvcp_win.dll
0x00007ffe6d0d0000 - 0x00007ffe6d1ca000 	C:\WINDOWS\System32\ucrtbase.dll
0x00007ffe59ed0000 - 0x00007ffe5a155000 	C:\WINDOWS\WinSxS\amd64_microsoft.windows.common-controls_6595b64144ccf1df_6.0.18362.418_none_e6c6b287130d565d\COMCTL32.dll
0x00007ffe6e2e0000 - 0x00007ffe6e616000 	C:\WINDOWS\System32\combase.dll
0x00007ffe6e070000 - 0x00007ffe6e0f0000 	C:\WINDOWS\System32\bcryptPrimitives.dll
0x00007ffe6fff0000 - 0x00007ffe7001e000 	C:\WINDOWS\System32\IMM32.DLL
0x0000000052d80000 - 0x0000000052e52000 	C:\Program Files\Android\Android Studio\jre\jre\bin\msvcr100.dll
0x0000000052f50000 - 0x0000000053796000 	C:\Program Files\Android\Android Studio\jre\jre\bin\server\jvm.dll
0x00007ffe6e250000 - 0x00007ffe6e258000 	C:\WINDOWS\System32\PSAPI.DLL
0x00007ffe6a990000 - 0x00007ffe6a9b4000 	C:\WINDOWS\SYSTEM32\WINMM.dll
0x00007ffe65740000 - 0x00007ffe65749000 	C:\WINDOWS\SYSTEM32\WSOCK32.dll
0x00007ffe6ff50000 - 0x00007ffe6ffbf000 	C:\WINDOWS\System32\WS2_32.dll
0x00007ffe60690000 - 0x00007ffe6069a000 	C:\WINDOWS\SYSTEM32\VERSION.dll
0x00007ffe6a880000 - 0x00007ffe6a8ad000 	C:\WINDOWS\SYSTEM32\WINMMBASE.dll
0x00007ffe6dd10000 - 0x00007ffe6dd5a000 	C:\WINDOWS\System32\cfgmgr32.dll
0x00007ffe67500000 - 0x00007ffe6750f000 	C:\Program Files\Android\Android Studio\jre\jre\bin\verify.dll
0x00007ffe5fcf0000 - 0x00007ffe5fd19000 	C:\Program Files\Android\Android Studio\jre\jre\bin\java.dll
0x00007ffe5ff80000 - 0x00007ffe5ff96000 	C:\Program Files\Android\Android Studio\jre\jre\bin\zip.dll
0x00007ffe6e9f0000 - 0x00007ffe6f0d5000 	C:\WINDOWS\System32\SHELL32.dll
0x00007ffe6f7a0000 - 0x00007ffe6f849000 	C:\WINDOWS\System32\shcore.dll
0x00007ffe6d590000 - 0x00007ffe6dd0f000 	C:\WINDOWS\System32\windows.storage.dll
0x00007ffe6d020000 - 0x00007ffe6d03f000 	C:\WINDOWS\System32\profapi.dll
0x00007ffe6d080000 - 0x00007ffe6d0ca000 	C:\WINDOWS\System32\powrprof.dll
0x00007ffe6d010000 - 0x00007ffe6d020000 	C:\WINDOWS\System32\UMPDC.dll
0x00007ffe6f220000 - 0x00007ffe6f272000 	C:\WINDOWS\System32\shlwapi.dll
0x00007ffe6d060000 - 0x00007ffe6d071000 	C:\WINDOWS\System32\kernel.appcore.dll
0x00007ffe6d570000 - 0x00007ffe6d587000 	C:\WINDOWS\System32\cryptsp.dll

VM Arguments:
java_command: org.jetbrains.git4idea.http.GitAskPassApp Username for 'https://gitlab.hof-university.de': 
java_class_path (initial): C:/Program Files/Android/Android Studio/plugins/git4idea/lib/git4idea-rt.jar;C:/Program Files/Android/Android Studio/lib/xmlrpc-2.0.1.jar;C:/Program Files/Android/Android Studio/lib/commons-codec-1.10.jar;C:/Program Files/Android/Android Studio/lib/util.jar
Launcher Type: SUN_STANDARD

Environment Variables:
PATH=C:/Program Files/Git/mingw64/libexec/git-core;C:/Program Files/Git/mingw64/libexec/git-core;C:\Program Files\Git\mingw64\bin;C:\Program Files\Git\usr\bin;C:\Users\Marvin\bin;C:\Program Files (x86)\Common Files\Oracle\Java\javapath;C:\WINDOWS\system32;C:\WINDOWS;C:\WINDOWS\System32\Wbem;C:\WINDOWS\System32\WindowsPowerShell\v1.0\;C:\WINDOWS\System32\OpenSSH\;C:\Program Files (x86)\Brackets\command;C:\Program Files\Git\cmd;C:\Program Files (x86)\Intel\Intel(R) Management Engine Components\DAL;C:\Program Files\Intel\Intel(R) Management Engine Components\DAL;C:\Users\Marvin\AppData\Local\Microsoft\WindowsApps;C:\Program Files\Java\jdk1.8.0_191\bin;;C:\Program Files\JetBrains\IntelliJ IDEA Community Edition 2019.2.3\bin;
USERNAME=Marvin
DISPLAY=:0.0
OS=Windows_NT
PROCESSOR_IDENTIFIER=Intel64 Family 6 Model 142 Stepping 10, GenuineIntel



---------------  S Y S T E M  ---------------

OS: Windows 10.0 , 64 bit Build 18362 (10.0.18362.329)

CPU:total 8 (initial active 8) (4 cores per cpu, 2 threads per core) family 6 model 142 stepping 10, cmov, cx8, fxsr, mmx, sse, sse2, sse3, ssse3, sse4.1, sse4.2, popcnt, avx, avx2, aes, clmul, erms, 3dnowpref, lzcnt, ht, tsc, tscinvbit, bmi1, bmi2, adx

Memory: 4k page, physical 8287504k(1398716k free), swap 10240272k(3064k free)

vm_info: OpenJDK 64-Bit Server VM (25.202-b03) for windows-amd64 JRE (1.8.0_202-release-1483-b03), built by "builder" with MS VC++ 10.0 (VS2010)

time: Wed Nov 06 16:13:40 2019
timezone: Mitteleuropäische Zeit
elapsed time: 0 seconds (0d 0h 0m 0s)

