#
# There is insufficient memory for the Java Runtime Environment to continue.
# Native memory allocation (malloc) failed to allocate 55008 bytes for Chunk::new
# Possible reasons:
#   The system is out of physical RAM or swap space
#   The process is running with CompressedOops enabled, and the Java Heap may be blocking the growth of the native heap
# Possible solutions:
#   Reduce memory load on the system
#   Increase physical memory or swap space
#   Check if swap backing store is full
#   Decrease Java heap size (-Xmx/-Xms)
#   Decrease number of Java threads
#   Decrease Java thread stack sizes (-Xss)
#   Set larger code cache with -XX:ReservedCodeCacheSize=
#   JVM is running with Unscaled Compressed Oops mode in which the Java heap is
#     placed in the first 4GB address space. The Java Heap base address is the
#     maximum limit for the native heap growth. Please use -XX:HeapBaseMinAddress
#     to set the Java Heap base and to place the Java Heap above 4GB virtual address.
# This output file may be truncated or incomplete.
#
#  Out of Memory Error (allocation.cpp:389), pid=14880, tid=0x0000000000002e34
#
# JRE version: OpenJDK Runtime Environment (8.0_202-b03) (build 1.8.0_202-release-1483-b03)
# Java VM: OpenJDK 64-Bit Server VM (25.202-b03 mixed mode windows-amd64 compressed oops)
# Failed to write core dump. Minidumps are not enabled by default on client versions of Windows
#

---------------  T H R E A D  ---------------

Current thread (0x000000001741f800):  JavaThread "C2 CompilerThread1" daemon [_thread_in_native, id=11828, stack(0x0000000017e20000,0x0000000017f20000)]

Stack: [0x0000000017e20000,0x0000000017f20000]
[error occurred during error reporting (printing stack bounds), id 0xc0000005]

Native frames: (J=compiled Java code, j=interpreted, Vv=VM code, C=native code)


Current CompileTask:
C2:  44369 13430       4       java.util.Formatter$FormatSpecifier::print (243 bytes)


---------------  P R O C E S S  ---------------

Java Threads: ( => current thread )
  0x000000001d7fb800 JavaThread "Cache worker for execution history cache (C:\Users\Marvin\Desktop\Studium\3. Semester\Homeium\.gradle\5.4.1\executionHistory)" [_thread_blocked, id=4304, stack(0x0000000027cd0000,0x0000000027dd0000)]
  0x000000001d802000 JavaThread "Execution worker for ':' Thread 7" [_thread_in_native, id=11196, stack(0x0000000027ad0000,0x0000000027bd0000)]
  0x000000001d7fa800 JavaThread "Execution worker for ':' Thread 6" [_thread_in_native, id=15124, stack(0x00000000279d0000,0x0000000027ad0000)]
  0x000000001d7fd000 JavaThread "Execution worker for ':' Thread 5" [_thread_in_native, id=4972, stack(0x00000000278d0000,0x00000000279d0000)]
  0x000000001d801800 JavaThread "Execution worker for ':' Thread 4" [_thread_in_native, id=10132, stack(0x00000000277d0000,0x00000000278d0000)]
  0x000000001d800000 JavaThread "Execution worker for ':' Thread 3" [_thread_in_native, id=4256, stack(0x00000000276d0000,0x00000000277d0000)]
  0x000000001d7fc000 JavaThread "Execution worker for ':' Thread 2" [_thread_in_native, id=8656, stack(0x00000000275d0000,0x00000000276d0000)]
  0x000000001d800800 JavaThread "Execution worker for ':'" [_thread_in_native, id=9540, stack(0x00000000274d0000,0x00000000275d0000)]
  0x000000001efc1800 JavaThread "Cache worker for file content cache (C:\Users\Marvin\Desktop\Studium\3. Semester\Homeium\.gradle\5.4.1\fileContent)" [_thread_blocked, id=14876, stack(0x0000000026dd0000,0x0000000026ed0000)]
  0x000000001efc0000 JavaThread "Cache worker for file content cache (C:\Users\Marvin\.gradle\caches\5.4.1\fileContent)" [_thread_blocked, id=14716, stack(0x0000000026cd0000,0x0000000026dd0000)]
  0x000000001efc0800 JavaThread "Cache worker for Build Output Cleanup Cache (C:\Users\Marvin\Desktop\Studium\3. Semester\Homeium\.gradle\buildOutputCleanup)" [_thread_blocked, id=5492, stack(0x0000000026bd0000,0x0000000026cd0000)]
  0x000000001efbf000 JavaThread "Build operations Thread 8" [_thread_blocked, id=8988, stack(0x0000000026ad0000,0x0000000026bd0000)]
  0x000000001efbd800 JavaThread "Build operations Thread 7" [_thread_blocked, id=9692, stack(0x00000000269d0000,0x0000000026ad0000)]
  0x000000001efb6000 JavaThread "Build operations Thread 6" [_thread_blocked, id=12596, stack(0x00000000268d0000,0x00000000269d0000)]
  0x000000001efbd000 JavaThread "Build operations Thread 5" [_thread_blocked, id=2908, stack(0x0000000024dd0000,0x0000000024ed0000)]
  0x000000001efb5000 JavaThread "Build operations Thread 4" [_thread_blocked, id=15604, stack(0x0000000023890000,0x0000000023990000)]
  0x000000001efb6800 JavaThread "Build operations Thread 3" [_thread_blocked, id=7636, stack(0x0000000022560000,0x0000000022660000)]
  0x000000001efbb000 JavaThread "Build operations Thread 2" [_thread_blocked, id=11060, stack(0x0000000022260000,0x0000000022360000)]
  0x000000001efbc000 JavaThread "Build operations" [_thread_blocked, id=10120, stack(0x0000000022160000,0x0000000022260000)]
  0x000000001efb7800 JavaThread "Cache worker for cache directory md-rule (C:\Users\Marvin\.gradle\caches\5.4.1\md-rule)" [_thread_blocked, id=14000, stack(0x0000000022060000,0x0000000022160000)]
  0x000000001efb3800 JavaThread "Cache worker for cache directory md-supplier (C:\Users\Marvin\.gradle\caches\5.4.1\md-supplier)" [_thread_blocked, id=8268, stack(0x0000000021f60000,0x0000000022060000)]
  0x000000001efba800 JavaThread "Cache worker for file hash cache (C:\Users\Marvin\Desktop\Studium\3. Semester\Homeium\.gradle\5.4.1\fileHashes)" [_thread_blocked, id=13688, stack(0x0000000021c60000,0x0000000021d60000)]
  0x000000001efb9800 JavaThread "Thread-54" [_thread_blocked, id=5940, stack(0x00000000214e0000,0x00000000215e0000)]
  0x000000001efb4800 JavaThread "Stdin handler" [_thread_blocked, id=11736, stack(0x000000001ec10000,0x000000001ed10000)]
  0x000000001efb2000 JavaThread "Asynchronous log dispatcher for DefaultDaemonConnection: socket connection from /127.0.0.1:56104 to /127.0.0.1:56142" [_thread_blocked, id=5248, stack(0x000000001eb10000,0x000000001ec10000)]
  0x000000001efb8000 JavaThread "Cancel handler" [_thread_blocked, id=4408, stack(0x000000001e410000,0x000000001e510000)]
  0x000000001efb9000 JavaThread "Handler for socket connection from /127.0.0.1:56104 to /127.0.0.1:56142" [_thread_in_native, id=1476, stack(0x000000001aca0000,0x000000001ada0000)]
  0x000000001d806000 JavaThread "Memory manager" [_thread_blocked, id=12440, stack(0x0000000022cb0000,0x0000000022db0000)]
  0x000000001838a800 JavaThread "Cache worker for execution history cache (C:\Users\Marvin\.gradle\caches\5.4.1\executionHistory)" [_thread_blocked, id=10484, stack(0x000000001fd30000,0x000000001fe30000)]
  0x0000000018387000 JavaThread "Cache worker for journal cache (C:\Users\Marvin\.gradle\caches\journal-1)" [_thread_blocked, id=15976, stack(0x000000001afa0000,0x000000001b0a0000)]
  0x0000000018384800 JavaThread "File lock request listener" [_thread_in_native, id=16328, stack(0x000000001aea0000,0x000000001afa0000)]
  0x0000000019830800 JavaThread "Cache worker for file hash cache (C:\Users\Marvin\.gradle\caches\5.4.1\fileHashes)" [_thread_blocked, id=14888, stack(0x000000001ada0000,0x000000001aea0000)]
  0x00000000195e9800 JavaThread "Daemon worker" [_thread_in_native, id=14048, stack(0x000000001a9a0000,0x000000001aaa0000)]
  0x00000000185b9000 JavaThread "Daemon" [_thread_blocked, id=14816, stack(0x000000001a4a0000,0x000000001a5a0000)]
  0x000000001774d000 JavaThread "Daemon periodic checks" [_thread_blocked, id=16032, stack(0x000000001a3a0000,0x000000001a4a0000)]
  0x000000001839a800 JavaThread "Incoming local TCP Connector on port 56104" [_thread_in_native, id=1332, stack(0x000000001a130000,0x000000001a230000)]
  0x000000001937d800 JavaThread "Daemon health stats" [_thread_blocked, id=6996, stack(0x0000000019af0000,0x0000000019bf0000)]
  0x00000000174b3800 JavaThread "Service Thread" daemon [_thread_blocked, id=8144, stack(0x0000000018120000,0x0000000018220000)]
  0x0000000017428000 JavaThread "C1 CompilerThread3" daemon [_thread_blocked, id=4620, stack(0x0000000018020000,0x0000000018120000)]
  0x0000000015618000 JavaThread "C2 CompilerThread2" daemon [_thread_in_native, id=9684, stack(0x0000000017f20000,0x0000000018020000)]
=>0x000000001741f800 JavaThread "C2 CompilerThread1" daemon [_thread_in_native, id=11828, stack(0x0000000017e20000,0x0000000017f20000)]
  0x000000001741c800 JavaThread "C2 CompilerThread0" daemon [_thread_in_native, id=13928, stack(0x0000000017d20000,0x0000000017e20000)]
  0x000000001741b800 JavaThread "Attach Listener" daemon [_thread_blocked, id=9624, stack(0x0000000017c20000,0x0000000017d20000)]
  0x0000000017426800 JavaThread "Signal Dispatcher" daemon [_thread_blocked, id=8456, stack(0x0000000017b20000,0x0000000017c20000)]
  0x0000000017411800 JavaThread "Finalizer" daemon [_thread_blocked, id=12060, stack(0x00000000178f0000,0x00000000179f0000)]
  0x0000000017410800 JavaThread "Reference Handler" daemon [_thread_blocked, id=12568, stack(0x00000000177f0000,0x00000000178f0000)]
  0x0000000002aee000 JavaThread "main" [_thread_blocked, id=16056, stack(0x00000000027e0000,0x00000000028e0000)]

Other Threads:
  0x0000000015607800 VMThread [stack: 0x00000000172f0000,0x00000000173f0000] [id=15364]
  0x00000000174b4800 WatcherThread [stack: 0x0000000018220000,0x0000000018320000] [id=14800]

VM state:not at safepoint (normal execution)

VM Mutex/Monitor currently owned by a thread: None

heap address: 0x00000000c0000000, size: 1024 MB, Compressed Oops mode: 32-bit
Narrow klass base: 0x0000000000000000, Narrow klass shift: 3
Compressed class space size: 1073741824 Address: 0x0000000100000000

Heap:
 PSYoungGen      total 272384K, used 94943K [0x00000000eab00000, 0x00000000fea00000, 0x0000000100000000)
  eden space 242688K, 32% used [0x00000000eab00000,0x00000000ef7c7c38,0x00000000f9800000)
  from space 29696K, 54% used [0x00000000f9800000,0x00000000fa7f0010,0x00000000fb500000)
  to   space 29184K, 0% used [0x00000000fcd80000,0x00000000fcd80000,0x00000000fea00000)
 ParOldGen       total 137216K, used 78002K [0x00000000c0000000, 0x00000000c8600000, 0x00000000eab00000)
  object space 137216K, 56% used [0x00000000c0000000,0x00000000c4c2cac0,0x00000000c8600000)
 Metaspace       used 83883K, capacity 87156K, committed 87296K, reserved 1124352K
  class space    used 10816K, capacity 11436K, committed 11520K, reserved 1048576K

Card table byte_map: [0x0000000011eb0000,0x00000000120c0000] byte_map_base: 0x00000000118b0000

Marking Bits: (ParMarkBitMap*) 0x0000000074169f30
 Begin Bits: [0x0000000012a20000, 0x0000000013a20000)
 End Bits:   [0x0000000013a20000, 0x0000000014a20000)

Polling page: 0x0000000000b10000

CodeCache: size=245760Kb used=38408Kb max_used=38415Kb free=207351Kb
 bounds [0x0000000002af0000, 0x00000000050b0000, 0x0000000011af0000]
 total_blobs=12230 nmethods=11354 adapters=788
 compilation: enabled

Compilation events (10 events):
Event: 44.350 Thread 0x000000001741f800 nmethod 13429 0x000000000508b290 code [0x000000000508b440, 0x000000000508bb68]
Event: 44.350 Thread 0x000000001741f800 13430       4       java.util.Formatter$FormatSpecifier::print (243 bytes)
Event: 44.361 Thread 0x0000000017428000 13433       3       org.gradle.internal.serialize.HashCodeSerializer::write (22 bytes)
Event: 44.362 Thread 0x0000000017428000 nmethod 13433 0x000000000508a810 code [0x000000000508a9c0, 0x000000000508b008]
Event: 44.362 Thread 0x0000000017428000 13434       3       org.gradle.internal.hash.HashCode::toByteArray (11 bytes)
Event: 44.362 Thread 0x0000000017428000 nmethod 13434 0x0000000005089710 code [0x0000000005089880, 0x0000000005089b88]
Event: 44.362 Thread 0x0000000017428000 13435       3       org.gradle.internal.serialize.AbstractEncoder::writeBytes (9 bytes)
Event: 44.362 Thread 0x0000000017428000 nmethod 13435 0x0000000005089290 code [0x0000000005089400, 0x0000000005089628]
Event: 44.362 Thread 0x0000000017428000 13436       1       org.gradle.internal.execution.history.impl.SerializableFileCollectionFingerprint::getFingerprints (5 bytes)
Event: 44.363 Thread 0x0000000017428000 nmethod 13436 0x0000000005088f10 code [0x0000000005089060, 0x0000000005089170]

GC Heap History (10 events):
Event: 10.844 GC heap before
{Heap before GC invocations=16 (full 3):
 PSYoungGen      total 196608K, used 179200K [0x00000000eab00000, 0x00000000f8d00000, 0x0000000100000000)
  eden space 179200K, 100% used [0x00000000eab00000,0x00000000f5a00000,0x00000000f5a00000)
  from space 17408K, 0% used [0x00000000f6a80000,0x00000000f6a80000,0x00000000f7b80000)
  to   space 16896K, 0% used [0x00000000f5a00000,0x00000000f5a00000,0x00000000f6a80000)
 ParOldGen       total 137216K, used 34694K [0x00000000c0000000, 0x00000000c8600000, 0x00000000eab00000)
  object space 137216K, 25% used [0x00000000c0000000,0x00000000c21e1848,0x00000000c8600000)
 Metaspace       used 66139K, capacity 68246K, committed 68352K, reserved 1107968K
  class space    used 8951K, capacity 9433K, committed 9472K, reserved 1048576K
Event: 10.859 GC heap after
Heap after GC invocations=16 (full 3):
 PSYoungGen      total 196096K, used 14337K [0x00000000eab00000, 0x00000000fa000000, 0x0000000100000000)
  eden space 179200K, 0% used [0x00000000eab00000,0x00000000eab00000,0x00000000f5a00000)
  from space 16896K, 84% used [0x00000000f5a00000,0x00000000f6800610,0x00000000f6a80000)
  to   space 17920K, 0% used [0x00000000f8e80000,0x00000000f8e80000,0x00000000fa000000)
 ParOldGen       total 137216K, used 34766K [0x00000000c0000000, 0x00000000c8600000, 0x00000000eab00000)
  object space 137216K, 25% used [0x00000000c0000000,0x00000000c21f3858,0x00000000c8600000)
 Metaspace       used 66139K, capacity 68246K, committed 68352K, reserved 1107968K
  class space    used 8951K, capacity 9433K, committed 9472K, reserved 1048576K
}
Event: 12.363 GC heap before
{Heap before GC invocations=17 (full 3):
 PSYoungGen      total 196096K, used 193537K [0x00000000eab00000, 0x00000000fa000000, 0x0000000100000000)
  eden space 179200K, 100% used [0x00000000eab00000,0x00000000f5a00000,0x00000000f5a00000)
  from space 16896K, 84% used [0x00000000f5a00000,0x00000000f6800610,0x00000000f6a80000)
  to   space 17920K, 0% used [0x00000000f8e80000,0x00000000f8e80000,0x00000000fa000000)
 ParOldGen       total 137216K, used 34766K [0x00000000c0000000, 0x00000000c8600000, 0x00000000eab00000)
  object space 137216K, 25% used [0x00000000c0000000,0x00000000c21f3858,0x00000000c8600000)
 Metaspace       used 68399K, capacity 70658K, committed 70912K, reserved 1110016K
  class space    used 9209K, capacity 9724K, committed 9728K, reserved 1048576K
Event: 12.390 GC heap after
Heap after GC invocations=17 (full 3):
 PSYoungGen      total 227840K, used 17909K [0x00000000eab00000, 0x00000000fa980000, 0x0000000100000000)
  eden space 209920K, 0% used [0x00000000eab00000,0x00000000eab00000,0x00000000f7800000)
  from space 17920K, 99% used [0x00000000f8e80000,0x00000000f9ffd4d0,0x00000000fa000000)
  to   space 23040K, 0% used [0x00000000f7800000,0x00000000f7800000,0x00000000f8e80000)
 ParOldGen       total 137216K, used 42585K [0x00000000c0000000, 0x00000000c8600000, 0x00000000eab00000)
  object space 137216K, 31% used [0x00000000c0000000,0x00000000c29967e0,0x00000000c8600000)
 Metaspace       used 68399K, capacity 70658K, committed 70912K, reserved 1110016K
  class space    used 9209K, capacity 9724K, committed 9728K, reserved 1048576K
}
Event: 17.121 GC heap before
{Heap before GC invocations=18 (full 3):
 PSYoungGen      total 227840K, used 227829K [0x00000000eab00000, 0x00000000fa980000, 0x0000000100000000)
  eden space 209920K, 100% used [0x00000000eab00000,0x00000000f7800000,0x00000000f7800000)
  from space 17920K, 99% used [0x00000000f8e80000,0x00000000f9ffd4d0,0x00000000fa000000)
  to   space 23040K, 0% used [0x00000000f7800000,0x00000000f7800000,0x00000000f8e80000)
 ParOldGen       total 137216K, used 42585K [0x00000000c0000000, 0x00000000c8600000, 0x00000000eab00000)
  object space 137216K, 31% used [0x00000000c0000000,0x00000000c29967e0,0x00000000c8600000)
 Metaspace       used 76089K, capacity 79114K, committed 79232K, reserved 1118208K
  class space    used 9987K, capacity 10571K, committed 10624K, reserved 1048576K
Event: 17.187 GC heap after
Heap after GC invocations=18 (full 3):
 PSYoungGen      total 232960K, used 23014K [0x00000000eab00000, 0x00000000fda00000, 0x0000000100000000)
  eden space 209920K, 0% used [0x00000000eab00000,0x00000000eab00000,0x00000000f7800000)
  from space 23040K, 99% used [0x00000000f7800000,0x00000000f8e79968,0x00000000f8e80000)
  to   space 30720K, 0% used [0x00000000fbc00000,0x00000000fbc00000,0x00000000fda00000)
 ParOldGen       total 137216K, used 54461K [0x00000000c0000000, 0x00000000c8600000, 0x00000000eab00000)
  object space 137216K, 39% used [0x00000000c0000000,0x00000000c352f7d0,0x00000000c8600000)
 Metaspace       used 76089K, capacity 79114K, committed 79232K, reserved 1118208K
  class space    used 9987K, capacity 10571K, committed 10624K, reserved 1048576K
}
Event: 41.611 GC heap before
{Heap before GC invocations=19 (full 3):
 PSYoungGen      total 232960K, used 232934K [0x00000000eab00000, 0x00000000fda00000, 0x0000000100000000)
  eden space 209920K, 100% used [0x00000000eab00000,0x00000000f7800000,0x00000000f7800000)
  from space 23040K, 99% used [0x00000000f7800000,0x00000000f8e79968,0x00000000f8e80000)
  to   space 30720K, 0% used [0x00000000fbc00000,0x00000000fbc00000,0x00000000fda00000)
 ParOldGen       total 137216K, used 54461K [0x00000000c0000000, 0x00000000c8600000, 0x00000000eab00000)
  object space 137216K, 39% used [0x00000000c0000000,0x00000000c352f7d0,0x00000000c8600000)
 Metaspace       used 82416K, capacity 85704K, committed 85888K, reserved 1124352K
  class space    used 10704K, capacity 11350K, committed 11392K, reserved 1048576K
Event: 41.650 GC heap after
Heap after GC invocations=19 (full 3):
 PSYoungGen      total 265216K, used 14933K [0x00000000eab00000, 0x00000000fd200000, 0x0000000100000000)
  eden space 242688K, 0% used [0x00000000eab00000,0x00000000eab00000,0x00000000f9800000)
  from space 22528K, 66% used [0x00000000fbc00000,0x00000000fca95718,0x00000000fd200000)
  to   space 29696K, 0% used [0x00000000f9800000,0x00000000f9800000,0x00000000fb500000)
 ParOldGen       total 137216K, used 74885K [0x00000000c0000000, 0x00000000c8600000, 0x00000000eab00000)
  object space 137216K, 54% used [0x00000000c0000000,0x00000000c49214e8,0x00000000c8600000)
 Metaspace       used 82416K, capacity 85704K, committed 85888K, reserved 1124352K
  class space    used 10704K, capacity 11350K, committed 11392K, reserved 1048576K
}
Event: 43.785 GC heap before
{Heap before GC invocations=20 (full 3):
 PSYoungGen      total 265216K, used 257621K [0x00000000eab00000, 0x00000000fd200000, 0x0000000100000000)
  eden space 242688K, 100% used [0x00000000eab00000,0x00000000f9800000,0x00000000f9800000)
  from space 22528K, 66% used [0x00000000fbc00000,0x00000000fca95718,0x00000000fd200000)
  to   space 29696K, 0% used [0x00000000f9800000,0x00000000f9800000,0x00000000fb500000)
 ParOldGen       total 137216K, used 77994K [0x00000000c0000000, 0x00000000c8600000, 0x00000000eab00000)
  object space 137216K, 56% used [0x00000000c0000000,0x00000000c4c2aac0,0x00000000c8600000)
 Metaspace       used 83848K, capacity 87144K, committed 87296K, reserved 1124352K
  class space    used 10815K, capacity 11434K, committed 11520K, reserved 1048576K
Event: 43.828 GC heap after
Heap after GC invocations=20 (full 3):
 PSYoungGen      total 272384K, used 16320K [0x00000000eab00000, 0x00000000fea00000, 0x0000000100000000)
  eden space 242688K, 0% used [0x00000000eab00000,0x00000000eab00000,0x00000000f9800000)
  from space 29696K, 54% used [0x00000000f9800000,0x00000000fa7f0010,0x00000000fb500000)
  to   space 29184K, 0% used [0x00000000fcd80000,0x00000000fcd80000,0x00000000fea00000)
 ParOldGen       total 137216K, used 78002K [0x00000000c0000000, 0x00000000c8600000, 0x00000000eab00000)
  object space 137216K, 56% used [0x00000000c0000000,0x00000000c4c2cac0,0x00000000c8600000)
 Metaspace       used 83848K, capacity 87144K, committed 87296K, reserved 1124352K
  class space    used 10815K, capacity 11434K, committed 11520K, reserved 1048576K
}

Deoptimization events (10 events):
Event: 42.112 Thread 0x000000001d800800 Uncommon trap: reason=unstable_if action=reinterpret pc=0x0000000004c1b4b4 method=com.sun.crypto.provider.GaloisCounterMode.increment32([B)V @ 39
Event: 42.113 Thread 0x000000001d800800 Uncommon trap: reason=unstable_if action=reinterpret pc=0x0000000004beee98 method=com.sun.crypto.provider.GaloisCounterMode.increment32([B)V @ 39
Event: 42.122 Thread 0x000000001d7fc000 Uncommon trap: reason=unstable_if action=reinterpret pc=0x0000000004e30704 method=org.gradle.api.internal.changedetection.state.GlobalScopeFileTimeStampInspector.timestampCanBeUsedToDetectFileChange(Ljava/lang/String;J)Z @ 37
Event: 42.189 Thread 0x00000000195e9800 Uncommon trap: reason=unstable_if action=reinterpret pc=0x00000000039e5e18 method=java.lang.Class.newReflectionData(Ljava/lang/ref/SoftReference;I)Ljava/lang/Class$ReflectionData; @ 30
Event: 42.287 Thread 0x00000000195e9800 Uncommon trap: reason=class_check action=maybe_recompile pc=0x0000000003f2b744 method=com.google.common.cache.LocalCache$Segment.get(Ljava/lang/Object;ILcom/google/common/cache/CacheLoader;)Ljava/lang/Object; @ 99
Event: 42.781 Thread 0x000000001d801800 Uncommon trap: reason=range_check action=make_not_entrant pc=0x0000000004fe7114 method=org.objectweb.asm.Type.getType([CI)Lorg/objectweb/asm/Type; @ 2
Event: 42.895 Thread 0x000000001d800000 Uncommon trap: reason=unstable_if action=reinterpret pc=0x0000000004e9a4e0 method=org.objectweb.asm.ClassReader.readUTF(II[C)Ljava/lang/String; @ 77
Event: 42.895 Thread 0x000000001d800000 Uncommon trap: reason=unstable_if action=reinterpret pc=0x0000000004ea3cf8 method=org.objectweb.asm.ByteVector.putUTF8(Ljava/lang/String;)Lorg/objectweb/asm/ByteVector; @ 98
Event: 43.742 Thread 0x000000001d7fa800 Uncommon trap: reason=unstable_if action=reinterpret pc=0x0000000004e6a37c method=org.objectweb.asm.ClassReader.readUTF(II[C)Ljava/lang/String; @ 77
Event: 43.743 Thread 0x000000001d7fa800 Uncommon trap: reason=unstable_if action=reinterpret pc=0x0000000004e7df18 method=org.objectweb.asm.ByteVector.putUTF8(Ljava/lang/String;)Lorg/objectweb/asm/ByteVector; @ 98

Classes redefined (0 events):
No events

Internal exceptions (10 events):
Event: 39.594 Thread 0x000000001efbb000 Exception <a 'java/net/SocketTimeoutException': Read timed out> (0x00000000f5a0b960) thrown at [D:\src\AOSP-openjdk-cygwin\jdk8u\hotspot\src\share\vm\prims\jni.cpp, line 736]
Event: 39.594 Thread 0x000000001efbd000 Exception <a 'java/net/SocketTimeoutException': Read timed out> (0x00000000efd80ee0) thrown at [D:\src\AOSP-openjdk-cygwin\jdk8u\hotspot\src\share\vm\prims\jni.cpp, line 736]
Event: 39.595 Thread 0x000000001efb6800 Exception <a 'java/net/SocketTimeoutException': Read timed out> (0x00000000efb082a0) thrown at [D:\src\AOSP-openjdk-cygwin\jdk8u\hotspot\src\share\vm\prims\jni.cpp, line 736]
Event: 39.830 Thread 0x00000000195e9800 Exception <a 'java/net/SocketTimeoutException': Read timed out> (0x00000000f57b2e10) thrown at [D:\src\AOSP-openjdk-cygwin\jdk8u\hotspot\src\share\vm\prims\jni.cpp, line 736]
Event: 39.832 Thread 0x000000001efbb000 Exception <a 'java/net/SocketTimeoutException': Read timed out> (0x00000000f5a1d740) thrown at [D:\src\AOSP-openjdk-cygwin\jdk8u\hotspot\src\share\vm\prims\jni.cpp, line 736]
Event: 39.834 Thread 0x000000001efbd000 Exception <a 'java/net/SocketTimeoutException': Read timed out> (0x00000000efd94f28) thrown at [D:\src\AOSP-openjdk-cygwin\jdk8u\hotspot\src\share\vm\prims\jni.cpp, line 736]
Event: 39.835 Thread 0x000000001efb6000 Exception <a 'java/net/SocketTimeoutException': Read timed out> (0x00000000f4fd6890) thrown at [D:\src\AOSP-openjdk-cygwin\jdk8u\hotspot\src\share\vm\prims\jni.cpp, line 736]
Event: 41.915 Thread 0x000000001d800800 Exception <a 'java/net/SocketTimeoutException': Read timed out> (0x00000000ec3387c0) thrown at [D:\src\AOSP-openjdk-cygwin\jdk8u\hotspot\src\share\vm\prims\jni.cpp, line 736]
Event: 41.919 Thread 0x000000001d7fa800 Exception <a 'java/net/SocketTimeoutException': Read timed out> (0x00000000ec29e468) thrown at [D:\src\AOSP-openjdk-cygwin\jdk8u\hotspot\src\share\vm\prims\jni.cpp, line 736]
Event: 44.020 Thread 0x00000000195e9800 Exception <a 'java/net/SocketTimeoutException': Read timed out> (0x00000000ee5031d8) thrown at [D:\src\AOSP-openjdk-cygwin\jdk8u\hotspot\src\share\vm\prims\jni.cpp, line 736]

Events (10 events):
Event: 43.758 Thread 0x000000001d7fa800 DEOPT PACKING pc=0x000000000506f0b1 sp=0x0000000027acb6b0
Event: 43.758 Thread 0x000000001d7fa800 DEOPT UNPACKING pc=0x0000000002b375d0 sp=0x0000000027acb408 mode 0
Event: 43.762 Executing VM operation: ParallelGCFailedAllocation
Event: 43.762 Executing VM operation: ParallelGCFailedAllocation done
Event: 43.784 Executing VM operation: ParallelGCSystemGC
Event: 43.828 Executing VM operation: ParallelGCSystemGC done
Event: 43.848 Executing VM operation: RevokeBias
Event: 43.850 Executing VM operation: RevokeBias done
Event: 43.850 Executing VM operation: RevokeBias
Event: 43.851 Executing VM operation: RevokeBias done


Dynamic libraries:
0x00007ff7d41c0000 - 0x00007ff7d41f1000 	C:\Program Files\Android\Android Studio\jre\bin\java.exe
0x00007ff8666a0000 - 0x00007ff866890000 	C:\WINDOWS\SYSTEM32\ntdll.dll
0x00007ff8665a0000 - 0x00007ff866652000 	C:\WINDOWS\System32\KERNEL32.DLL
0x00007ff863870000 - 0x00007ff863b13000 	C:\WINDOWS\System32\KERNELBASE.dll
0x00007ff861500000 - 0x00007ff86158f000 	C:\WINDOWS\SYSTEM32\apphelp.dll
0x00007ff865e60000 - 0x00007ff865f03000 	C:\WINDOWS\System32\ADVAPI32.dll
0x00007ff866500000 - 0x00007ff86659e000 	C:\WINDOWS\System32\msvcrt.dll
0x00007ff865d00000 - 0x00007ff865d97000 	C:\WINDOWS\System32\sechost.dll
0x00007ff864f10000 - 0x00007ff865030000 	C:\WINDOWS\System32\RPCRT4.dll
0x00007ff865b60000 - 0x00007ff865cf4000 	C:\WINDOWS\System32\USER32.dll
0x00007ff863c50000 - 0x00007ff863c71000 	C:\WINDOWS\System32\win32u.dll
0x00007ff865f20000 - 0x00007ff865f46000 	C:\WINDOWS\System32\GDI32.dll
0x00007ff864460000 - 0x00007ff8645f4000 	C:\WINDOWS\System32\gdi32full.dll
0x00007ff8636e0000 - 0x00007ff86377e000 	C:\WINDOWS\System32\msvcp_win.dll
0x00007ff863b20000 - 0x00007ff863c1a000 	C:\WINDOWS\System32\ucrtbase.dll
0x00007ff84cd40000 - 0x00007ff84cfc5000 	C:\WINDOWS\WinSxS\amd64_microsoft.windows.common-controls_6595b64144ccf1df_6.0.18362.418_none_e6c6b287130d565d\COMCTL32.dll
0x00007ff865690000 - 0x00007ff8659c6000 	C:\WINDOWS\System32\combase.dll
0x00007ff863780000 - 0x00007ff863800000 	C:\WINDOWS\System32\bcryptPrimitives.dll
0x00007ff865030000 - 0x00007ff86505e000 	C:\WINDOWS\System32\IMM32.DLL
0x00000000737e0000 - 0x00000000738b2000 	C:\Program Files\Android\Android Studio\jre\jre\bin\msvcr100.dll
0x00000000739a0000 - 0x00000000741e6000 	C:\Program Files\Android\Android Studio\jre\jre\bin\server\jvm.dll
0x00007ff865aa0000 - 0x00007ff865aa8000 	C:\WINDOWS\System32\PSAPI.DLL
0x00007ff861460000 - 0x00007ff861469000 	C:\WINDOWS\SYSTEM32\WSOCK32.dll
0x00007ff85d0b0000 - 0x00007ff85d0ba000 	C:\WINDOWS\SYSTEM32\VERSION.dll
0x00007ff860f60000 - 0x00007ff860f84000 	C:\WINDOWS\SYSTEM32\WINMM.dll
0x00007ff866100000 - 0x00007ff86616f000 	C:\WINDOWS\System32\WS2_32.dll
0x00007ff860e50000 - 0x00007ff860e7d000 	C:\WINDOWS\SYSTEM32\WINMMBASE.dll
0x00007ff863820000 - 0x00007ff86386a000 	C:\WINDOWS\System32\cfgmgr32.dll
0x00007ff8614b0000 - 0x00007ff8614bf000 	C:\Program Files\Android\Android Studio\jre\jre\bin\verify.dll
0x00007ff85e040000 - 0x00007ff85e069000 	C:\Program Files\Android\Android Studio\jre\jre\bin\java.dll
0x00007ff85fbc0000 - 0x00007ff85fbd6000 	C:\Program Files\Android\Android Studio\jre\jre\bin\zip.dll
0x00007ff864750000 - 0x00007ff864e35000 	C:\WINDOWS\System32\SHELL32.dll
0x00007ff865da0000 - 0x00007ff865e49000 	C:\WINDOWS\System32\shcore.dll
0x00007ff863c80000 - 0x00007ff8643ff000 	C:\WINDOWS\System32\windows.storage.dll
0x00007ff863610000 - 0x00007ff86362f000 	C:\WINDOWS\System32\profapi.dll
0x00007ff863580000 - 0x00007ff8635ca000 	C:\WINDOWS\System32\powrprof.dll
0x00007ff863570000 - 0x00007ff863580000 	C:\WINDOWS\System32\UMPDC.dll
0x00007ff866030000 - 0x00007ff866082000 	C:\WINDOWS\System32\shlwapi.dll
0x00007ff8635d0000 - 0x00007ff8635e1000 	C:\WINDOWS\System32\kernel.appcore.dll
0x00007ff863800000 - 0x00007ff863817000 	C:\WINDOWS\System32\cryptsp.dll
0x00007ff85df40000 - 0x00007ff85df5a000 	C:\Program Files\Android\Android Studio\jre\jre\bin\net.dll
0x00007ff862de0000 - 0x00007ff862e47000 	C:\WINDOWS\system32\mswsock.dll
0x00007ff85cac0000 - 0x00007ff85cad1000 	C:\Program Files\Android\Android Studio\jre\jre\bin\nio.dll
0x00007ff848840000 - 0x00007ff848866000 	C:\Users\Marvin\.gradle\native\29\windows-amd64\native-platform.dll
0x00007ff8614a0000 - 0x00007ff8614ad000 	C:\Program Files\Android\Android Studio\jre\jre\bin\management.dll
0x00007ff862950000 - 0x00007ff862983000 	C:\WINDOWS\system32\rsaenh.dll
0x00007ff863c20000 - 0x00007ff863c46000 	C:\WINDOWS\System32\bcrypt.dll
0x00007ff863490000 - 0x00007ff8634b5000 	C:\WINDOWS\SYSTEM32\USERENV.dll
0x00007ff862fb0000 - 0x00007ff862fbc000 	C:\WINDOWS\SYSTEM32\CRYPTBASE.dll
0x00007ff862af0000 - 0x00007ff862b2a000 	C:\WINDOWS\SYSTEM32\IPHLPAPI.DLL
0x00007ff865f10000 - 0x00007ff865f18000 	C:\WINDOWS\System32\NSI.dll
0x00007ff85a590000 - 0x00007ff85a5a6000 	C:\WINDOWS\SYSTEM32\dhcpcsvc6.DLL
0x00007ff85ad90000 - 0x00007ff85adac000 	C:\WINDOWS\SYSTEM32\dhcpcsvc.DLL
0x00007ff862b30000 - 0x00007ff862bfa000 	C:\WINDOWS\SYSTEM32\DNSAPI.dll
0x00007ff84aee0000 - 0x00007ff84af04000 	C:\Program Files\Android\Android Studio\jre\jre\bin\sunec.dll
0x00007ff854850000 - 0x00007ff85485a000 	C:\Windows\System32\rasadhlp.dll
0x00007ff8581c0000 - 0x00007ff858237000 	C:\WINDOWS\System32\fwpuclnt.dll
0x00007ff85cab0000 - 0x00007ff85cabb000 	C:\Program Files\Android\Android Studio\jre\jre\bin\sunmscapi.dll
0x00007ff864600000 - 0x00007ff864749000 	C:\WINDOWS\System32\CRYPT32.dll
0x00007ff8635f0000 - 0x00007ff863602000 	C:\WINDOWS\System32\MSASN1.dll

VM Arguments:
jvm_args: -Xmx1024M -Dfile.encoding=windows-1252 -Duser.country=DE -Duser.language=de -Duser.variant 
java_command: org.gradle.launcher.daemon.bootstrap.GradleDaemon 5.4.1
java_class_path (initial): C:\Users\Marvin\.gradle\wrapper\dists\gradle-5.4.1-all\3221gyojl5jsh0helicew7rwx\gradle-5.4.1\lib\gradle-launcher-5.4.1.jar
Launcher Type: SUN_STANDARD

Environment Variables:
PATH=C:\Program Files (x86)\Common Files\Oracle\Java\javapath;C:\WINDOWS\system32;C:\WINDOWS;C:\WINDOWS\System32\Wbem;C:\WINDOWS\System32\WindowsPowerShell\v1.0\;C:\WINDOWS\System32\OpenSSH\;C:\Program Files (x86)\Intel\Intel(R) Management Engine Components\DAL;C:\Program Files\Intel\Intel(R) Management Engine Components\DAL;C:\Program Files (x86)\Brackets\command;C:\Program Files\Git\cmd;C:\Users\Marvin\AppData\Local\Microsoft\WindowsApps;C:\Program Files\Java\jdk1.8.0_191\bin;;C:\Program Files\JetBrains\IntelliJ IDEA Community Edition 2019.2.3\bin;
USERNAME=Marvin
OS=Windows_NT
PROCESSOR_IDENTIFIER=Intel64 Family 6 Model 142 Stepping 10, GenuineIntel



---------------  S Y S T E M  ---------------

OS: Windows 10.0 , 64 bit Build 18362 (10.0.18362.329)

CPU:total 8 (initial active 8) (4 cores per cpu, 2 threads per core) family 6 model 142 stepping 10, cmov, cx8, fxsr, mmx, sse, sse2, sse3, ssse3, sse4.1, sse4.2, popcnt, avx, avx2, aes, clmul, erms, 3dnowpref, lzcnt, ht, tsc, tscinvbit, bmi1, bmi2, adx

Memory: 4k page, physical 8287504k(497380k free), swap 10240272k(116k free)

vm_info: OpenJDK 64-Bit Server VM (25.202-b03) for windows-amd64 JRE (1.8.0_202-release-1483-b03), built by "builder" with MS VC++ 10.0 (VS2010)

time: Tue Nov 05 19:03:44 2019
timezone: Mitteleuropäische Zeit
elapsed time: 44 seconds (0d 0h 0m 44s)

