#
# There is insufficient memory for the Java Runtime Environment to continue.
# Native memory allocation (malloc) failed to allocate 2532656 bytes for Chunk::new
# Possible reasons:
#   The system is out of physical RAM or swap space
#   The process is running with CompressedOops enabled, and the Java Heap may be blocking the growth of the native heap
# Possible solutions:
#   Reduce memory load on the system
#   Increase physical memory or swap space
#   Check if swap backing store is full
#   Decrease Java heap size (-Xmx/-Xms)
#   Decrease number of Java threads
#   Decrease Java thread stack sizes (-Xss)
#   Set larger code cache with -XX:ReservedCodeCacheSize=
#   JVM is running with Unscaled Compressed Oops mode in which the Java heap is
#     placed in the first 4GB address space. The Java Heap base address is the
#     maximum limit for the native heap growth. Please use -XX:HeapBaseMinAddress
#     to set the Java Heap base and to place the Java Heap above 4GB virtual address.
# This output file may be truncated or incomplete.
#
#  Out of Memory Error (allocation.cpp:389), pid=1724, tid=0x0000000000003ad8
#
# JRE version: OpenJDK Runtime Environment (8.0_202-b03) (build 1.8.0_202-release-1483-b03)
# Java VM: OpenJDK 64-Bit Server VM (25.202-b03 mixed mode windows-amd64 compressed oops)
# Failed to write core dump. Minidumps are not enabled by default on client versions of Windows
#

---------------  T H R E A D  ---------------

Current thread (0x0000000017bc3000):  JavaThread "C2 CompilerThread2" daemon [_thread_in_native, id=15064, stack(0x00000000186c0000,0x00000000187c0000)]

Stack: [0x00000000186c0000,0x00000000187c0000]
[error occurred during error reporting (printing stack bounds), id 0xc0000005]

Native frames: (J=compiled Java code, j=interpreted, Vv=VM code, C=native code)


Current CompileTask:
C2:   2821 1441   !   4       java.net.URLClassLoader$1::run (63 bytes)


---------------  P R O C E S S  ---------------

Java Threads: ( => current thread )
  0x0000000019f55000 JavaThread "Cache worker for file hash cache (C:\Users\Marvin\Desktop\Studium\3. Semester\Homeium\.gradle\5.4.1\fileHashes)" [_thread_blocked, id=11700, stack(0x000000001ef80000,0x000000001f080000)]
  0x0000000019f58800 JavaThread "Cache worker for journal cache (C:\Users\Marvin\.gradle\caches\journal-1)" [_thread_blocked, id=15272, stack(0x000000001c910000,0x000000001ca10000)]
  0x0000000019f54000 JavaThread "File lock request listener" [_thread_in_native, id=5988, stack(0x000000001c610000,0x000000001c710000)]
  0x0000000019e36800 JavaThread "Cache worker for file hash cache (C:\Users\Marvin\.gradle\caches\5.4.1\fileHashes)" [_thread_blocked, id=3408, stack(0x000000001c510000,0x000000001c610000)]
  0x0000000017e81800 JavaThread "Thread-9" [_thread_blocked, id=10752, stack(0x000000001b440000,0x000000001b540000)]
  0x0000000019aa6800 JavaThread "Stdin handler" [_thread_blocked, id=5020, stack(0x000000001b340000,0x000000001b440000)]
  0x0000000019aa4000 JavaThread "Asynchronous log dispatcher for DefaultDaemonConnection: socket connection from /127.0.0.1:49721 to /127.0.0.1:49722" [_thread_blocked, id=2240, stack(0x000000001b240000,0x000000001b340000)]
  0x0000000019bde800 JavaThread "Daemon worker" [_thread_in_native, id=13996, stack(0x000000001b140000,0x000000001b240000)]
  0x0000000018b60800 JavaThread "Cancel handler" [_thread_blocked, id=10372, stack(0x000000001b040000,0x000000001b140000)]
  0x0000000017cc2000 JavaThread "Handler for socket connection from /127.0.0.1:49721 to /127.0.0.1:49722" [_thread_in_native, id=288, stack(0x000000001ad40000,0x000000001ae40000)]
  0x00000000191a8000 JavaThread "Daemon" [_thread_blocked, id=13548, stack(0x000000001ac40000,0x000000001ad40000)]
  0x0000000018d04800 JavaThread "Daemon periodic checks" [_thread_blocked, id=2596, stack(0x000000001ab40000,0x000000001ac40000)]
  0x0000000018d1f800 JavaThread "Incoming local TCP Connector on port 49721" [_thread_in_native, id=10640, stack(0x000000001a8d0000,0x000000001a9d0000)]
  0x0000000019c56000 JavaThread "Daemon health stats" [_thread_blocked, id=17260, stack(0x000000001a290000,0x000000001a390000)]
  0x0000000017c51000 JavaThread "Service Thread" daemon [_thread_blocked, id=8692, stack(0x00000000188c0000,0x00000000189c0000)]
  0x0000000015dcc000 JavaThread "C1 CompilerThread3" daemon [_thread_blocked, id=14852, stack(0x00000000187c0000,0x00000000188c0000)]
=>0x0000000017bc3000 JavaThread "C2 CompilerThread2" daemon [_thread_in_native, id=15064, stack(0x00000000186c0000,0x00000000187c0000)]
  0x0000000017bbf800 JavaThread "C2 CompilerThread1" daemon [_thread_in_native, id=16524, stack(0x00000000185c0000,0x00000000186c0000)]
  0x0000000017bbc800 JavaThread "C2 CompilerThread0" daemon [_thread_in_native, id=8932, stack(0x00000000184c0000,0x00000000185c0000)]
  0x0000000017bbb800 JavaThread "Attach Listener" daemon [_thread_blocked, id=12556, stack(0x00000000183c0000,0x00000000184c0000)]
  0x0000000017bc6800 JavaThread "Signal Dispatcher" daemon [_thread_blocked, id=16784, stack(0x00000000182c0000,0x00000000183c0000)]
  0x00000000031ed800 JavaThread "Finalizer" daemon [_thread_blocked, id=16408, stack(0x0000000018090000,0x0000000018190000)]
  0x0000000015dbc000 JavaThread "Reference Handler" daemon [_thread_blocked, id=17220, stack(0x0000000017f90000,0x0000000018090000)]
  0x000000000329d800 JavaThread "main" [_thread_blocked, id=15424, stack(0x0000000002fa0000,0x00000000030a0000)]

Other Threads:
  0x0000000015db7800 VMThread [stack: 0x0000000017a90000,0x0000000017b90000] [id=16800]
  0x0000000017c51800 WatcherThread [stack: 0x00000000189c0000,0x0000000018ac0000] [id=9980]

VM state:not at safepoint (normal execution)

VM Mutex/Monitor currently owned by a thread: None

OutOfMemory and StackOverflow Exception counts:
OutOfMemoryError java_heap_errors=4

heap address: 0x00000000c0000000, size: 1024 MB, Compressed Oops mode: 32-bit
Narrow klass base: 0x0000000000000000, Narrow klass shift: 3
Compressed class space size: 1073741824 Address: 0x0000000100000000

Heap:
 PSYoungGen      total 71680K, used 35731K [0x00000000eab00000, 0x00000000f3700000, 0x0000000100000000)
  eden space 66560K, 46% used [0x00000000eab00000,0x00000000ec8e8c70,0x00000000eec00000)
  from space 5120K, 99% used [0x00000000eec00000,0x00000000ef0fc010,0x00000000ef100000)
  to   space 5120K, 0% used [0x00000000f3200000,0x00000000f3200000,0x00000000f3700000)
 ParOldGen       total 87552K, used 5399K [0x00000000c0000000, 0x00000000c5580000, 0x00000000eab00000)
  object space 87552K, 6% used [0x00000000c0000000,0x00000000c0545dd8,0x00000000c5580000)
 Metaspace       used 18422K, capacity 18968K, committed 19328K, reserved 1064960K
  class space    used 2665K, capacity 2850K, committed 2944K, reserved 1048576K

Card table byte_map: [0x0000000012660000,0x0000000012870000] byte_map_base: 0x0000000012060000

Marking Bits: (ParMarkBitMap*) 0x0000000053719f30
 Begin Bits: [0x00000000131d0000, 0x00000000141d0000)
 End Bits:   [0x00000000141d0000, 0x00000000151d0000)

Polling page: 0x0000000000ff0000

CodeCache: size=245760Kb used=5543Kb max_used=5543Kb free=240217Kb
 bounds [0x00000000032a0000, 0x0000000003810000, 0x00000000122a0000]
 total_blobs=2062 nmethods=1649 adapters=326
 compilation: enabled

Compilation events (10 events):
Event: 2.817 Thread 0x0000000015dcc000 1653       1       com.google.common.cache.LocalCache$StrongEntry::getHash (5 bytes)
Event: 2.817 Thread 0x0000000015dcc000 nmethod 1653 0x0000000003805290 code [0x00000000038053e0, 0x00000000038054f0]
Event: 2.817 Thread 0x0000000015dcc000 1654       3       java.lang.Integer::valueOf (32 bytes)
Event: 2.817 Thread 0x0000000015dcc000 nmethod 1654 0x0000000003804c10 code [0x0000000003804d80, 0x00000000038050d0]
Event: 2.817 Thread 0x0000000015dcc000 1655       3       com.google.common.io.CountingOutputStream::write (19 bytes)
Event: 2.818 Thread 0x0000000015dcc000 nmethod 1655 0x0000000003804790 code [0x0000000003804900, 0x0000000003804b48]
Event: 2.819 Thread 0x0000000015dcc000 1656       3       java.net.URL::equals (24 bytes)
Event: 2.819 Thread 0x0000000015dcc000 nmethod 1656 0x00000000038040d0 code [0x0000000003804240, 0x0000000003804688]
Event: 2.819 Thread 0x0000000015dcc000 1657       3       java.util.ArrayList::indexOf (67 bytes)
Event: 2.819 Thread 0x0000000015dcc000 nmethod 1657 0x0000000003803850 code [0x00000000038039e0, 0x0000000003803ea8]

GC Heap History (6 events):
Event: 0.623 GC heap before
{Heap before GC invocations=1 (full 0):
 PSYoungGen      total 38400K, used 33280K [0x00000000eab00000, 0x00000000ed580000, 0x0000000100000000)
  eden space 33280K, 100% used [0x00000000eab00000,0x00000000ecb80000,0x00000000ecb80000)
  from space 5120K, 0% used [0x00000000ed080000,0x00000000ed080000,0x00000000ed580000)
  to   space 5120K, 0% used [0x00000000ecb80000,0x00000000ecb80000,0x00000000ed080000)
 ParOldGen       total 87552K, used 0K [0x00000000c0000000, 0x00000000c5580000, 0x00000000eab00000)
  object space 87552K, 0% used [0x00000000c0000000,0x00000000c0000000,0x00000000c5580000)
 Metaspace       used 6965K, capacity 7192K, committed 7424K, reserved 1056768K
  class space    used 852K, capacity 912K, committed 1024K, reserved 1048576K
Event: 0.638 GC heap after
Heap after GC invocations=1 (full 0):
 PSYoungGen      total 38400K, used 4314K [0x00000000eab00000, 0x00000000ef600000, 0x0000000100000000)
  eden space 33280K, 0% used [0x00000000eab00000,0x00000000eab00000,0x00000000ecb80000)
  from space 5120K, 84% used [0x00000000ecb80000,0x00000000ecfb6a40,0x00000000ed080000)
  to   space 5120K, 0% used [0x00000000ef100000,0x00000000ef100000,0x00000000ef600000)
 ParOldGen       total 87552K, used 8K [0x00000000c0000000, 0x00000000c5580000, 0x00000000eab00000)
  object space 87552K, 0% used [0x00000000c0000000,0x00000000c0002000,0x00000000c5580000)
 Metaspace       used 6965K, capacity 7192K, committed 7424K, reserved 1056768K
  class space    used 852K, capacity 912K, committed 1024K, reserved 1048576K
}
Event: 0.940 GC heap before
{Heap before GC invocations=2 (full 0):
 PSYoungGen      total 38400K, used 37594K [0x00000000eab00000, 0x00000000ef600000, 0x0000000100000000)
  eden space 33280K, 100% used [0x00000000eab00000,0x00000000ecb80000,0x00000000ecb80000)
  from space 5120K, 84% used [0x00000000ecb80000,0x00000000ecfb6a40,0x00000000ed080000)
  to   space 5120K, 0% used [0x00000000ef100000,0x00000000ef100000,0x00000000ef600000)
 ParOldGen       total 87552K, used 8K [0x00000000c0000000, 0x00000000c5580000, 0x00000000eab00000)
  object space 87552K, 0% used [0x00000000c0000000,0x00000000c0002000,0x00000000c5580000)
 Metaspace       used 8923K, capacity 9192K, committed 9472K, reserved 1056768K
  class space    used 1163K, capacity 1252K, committed 1280K, reserved 1048576K
Event: 0.944 GC heap after
Heap after GC invocations=2 (full 0):
 PSYoungGen      total 71680K, used 4545K [0x00000000eab00000, 0x00000000ef600000, 0x0000000100000000)
  eden space 66560K, 0% used [0x00000000eab00000,0x00000000eab00000,0x00000000eec00000)
  from space 5120K, 88% used [0x00000000ef100000,0x00000000ef5705a8,0x00000000ef600000)
  to   space 5120K, 0% used [0x00000000eec00000,0x00000000eec00000,0x00000000ef100000)
 ParOldGen       total 87552K, used 16K [0x00000000c0000000, 0x00000000c5580000, 0x00000000eab00000)
  object space 87552K, 0% used [0x00000000c0000000,0x00000000c0004000,0x00000000c5580000)
 Metaspace       used 8923K, capacity 9192K, committed 9472K, reserved 1056768K
  class space    used 1163K, capacity 1252K, committed 1280K, reserved 1048576K
}
Event: 2.445 GC heap before
{Heap before GC invocations=3 (full 0):
 PSYoungGen      total 71680K, used 71105K [0x00000000eab00000, 0x00000000ef600000, 0x0000000100000000)
  eden space 66560K, 100% used [0x00000000eab00000,0x00000000eec00000,0x00000000eec00000)
  from space 5120K, 88% used [0x00000000ef100000,0x00000000ef5705a8,0x00000000ef600000)
  to   space 5120K, 0% used [0x00000000eec00000,0x00000000eec00000,0x00000000ef100000)
 ParOldGen       total 87552K, used 16K [0x00000000c0000000, 0x00000000c5580000, 0x00000000eab00000)
  object space 87552K, 0% used [0x00000000c0000000,0x00000000c0004000,0x00000000c5580000)
 Metaspace       used 15694K, capacity 16184K, committed 16256K, reserved 1062912K
  class space    used 2236K, capacity 2396K, committed 2432K, reserved 1048576K
Event: 2.461 GC heap after
Heap after GC invocations=3 (full 0):
 PSYoungGen      total 71680K, used 5104K [0x00000000eab00000, 0x00000000f3700000, 0x0000000100000000)
  eden space 66560K, 0% used [0x00000000eab00000,0x00000000eab00000,0x00000000eec00000)
  from space 5120K, 99% used [0x00000000eec00000,0x00000000ef0fc010,0x00000000ef100000)
  to   space 5120K, 0% used [0x00000000f3200000,0x00000000f3200000,0x00000000f3700000)
 ParOldGen       total 87552K, used 5399K [0x00000000c0000000, 0x00000000c5580000, 0x00000000eab00000)
  object space 87552K, 6% used [0x00000000c0000000,0x00000000c0545dd8,0x00000000c5580000)
 Metaspace       used 15694K, capacity 16184K, committed 16256K, reserved 1062912K
  class space    used 2236K, capacity 2396K, committed 2432K, reserved 1048576K
}

Deoptimization events (10 events):
Event: 2.070 Thread 0x0000000019bde800 Uncommon trap: reason=class_check action=maybe_recompile pc=0x0000000003565918 method=java.util.regex.Matcher.match(II)Z @ 86
Event: 2.079 Thread 0x0000000019bde800 Uncommon trap: reason=class_check action=maybe_recompile pc=0x0000000003565918 method=java.util.regex.Matcher.match(II)Z @ 86
Event: 2.079 Thread 0x0000000019bde800 Uncommon trap: reason=class_check action=maybe_recompile pc=0x0000000003565918 method=java.util.regex.Matcher.match(II)Z @ 86
Event: 2.079 Thread 0x0000000019bde800 Uncommon trap: reason=class_check action=maybe_recompile pc=0x000000000351db9c method=java.util.regex.Matcher.match(II)Z @ 86
Event: 2.321 Thread 0x0000000019bde800 Uncommon trap: reason=unstable_if action=reinterpret pc=0x00000000036349f4 method=java.lang.String.lastIndexOf([CII[CIII)I @ 66
Event: 2.680 Thread 0x0000000019bde800 Uncommon trap: reason=unstable_if action=reinterpret pc=0x0000000003405b08 method=java.net.URI.match(CJJ)Z @ 19
Event: 2.680 Thread 0x0000000019bde800 Uncommon trap: reason=unstable_if action=reinterpret pc=0x00000000034e4c00 method=java.net.URI.match(CJJ)Z @ 19
Event: 2.680 Thread 0x0000000019bde800 Uncommon trap: reason=unstable_if action=reinterpret pc=0x0000000003404a88 method=java.net.URI.match(CJJ)Z @ 19
Event: 2.722 Thread 0x0000000019bde800 Uncommon trap: reason=unstable_if action=reinterpret pc=0x0000000003562a98 method=java.io.File.getName()Ljava/lang/String; @ 16
Event: 2.819 Thread 0x0000000019bde800 Uncommon trap: reason=bimorphic action=maybe_recompile pc=0x0000000003731458 method=java.lang.ClassLoader.loadClass(Ljava/lang/String;Z)Ljava/lang/Class; @ 38

Classes redefined (0 events):
No events

Internal exceptions (10 events):
Event: 1.897 Thread 0x0000000017cc2000 Exception <a 'java/lang/NoSuchMethodError': <clinit>> (0x00000000eb7977b8) thrown at [D:\src\AOSP-openjdk-cygwin\jdk8u\hotspot\src\share\vm\prims\jni.cpp, line 1614]
Event: 1.897 Thread 0x0000000017cc2000 Exception <a 'java/lang/NoSuchMethodError': <clinit>> (0x00000000eb7a0448) thrown at [D:\src\AOSP-openjdk-cygwin\jdk8u\hotspot\src\share\vm\prims\jni.cpp, line 1614]
Event: 1.902 Thread 0x0000000017cc2000 Exception <a 'java/lang/NoSuchMethodError': <clinit>> (0x00000000eb7b6b00) thrown at [D:\src\AOSP-openjdk-cygwin\jdk8u\hotspot\src\share\vm\prims\jni.cpp, line 1614]
Event: 1.909 Thread 0x0000000017cc2000 Exception <a 'java/lang/NoSuchMethodError': <clinit>> (0x00000000eb81dad0) thrown at [D:\src\AOSP-openjdk-cygwin\jdk8u\hotspot\src\share\vm\prims\jni.cpp, line 1614]
Event: 1.912 Thread 0x0000000017cc2000 Exception <a 'java/lang/NoSuchMethodError': <clinit>> (0x00000000eb84a408) thrown at [D:\src\AOSP-openjdk-cygwin\jdk8u\hotspot\src\share\vm\prims\jni.cpp, line 1614]
Event: 1.915 Thread 0x0000000017cc2000 Exception <a 'java/lang/NoSuchMethodError': <clinit>> (0x00000000eb8ba278) thrown at [D:\src\AOSP-openjdk-cygwin\jdk8u\hotspot\src\share\vm\prims\jni.cpp, line 1614]
Event: 2.731 Thread 0x0000000017e81800 Exception <a 'java/lang/NoSuchMethodError': <clinit>> (0x00000000ec2cf5b8) thrown at [D:\src\AOSP-openjdk-cygwin\jdk8u\hotspot\src\share\vm\prims\jni.cpp, line 1614]
Event: 2.731 Thread 0x0000000017e81800 Exception <a 'java/lang/NoSuchMethodError': <clinit>> (0x00000000ec2d19a0) thrown at [D:\src\AOSP-openjdk-cygwin\jdk8u\hotspot\src\share\vm\prims\jni.cpp, line 1614]
Event: 2.732 Thread 0x0000000017e81800 Exception <a 'java/lang/NoSuchMethodError': <clinit>> (0x00000000ec2db648) thrown at [D:\src\AOSP-openjdk-cygwin\jdk8u\hotspot\src\share\vm\prims\jni.cpp, line 1614]
Event: 2.734 Thread 0x0000000017e81800 Exception <a 'java/lang/NoSuchMethodError': <clinit>> (0x00000000ec2ea808) thrown at [D:\src\AOSP-openjdk-cygwin\jdk8u\hotspot\src\share\vm\prims\jni.cpp, line 1614]

Events (10 events):
Event: 2.797 loading class org/gradle/cache/internal/btree/BTreePersistentIndexedCache$DataBlockUpdateResult done
Event: 2.808 Thread 0x0000000019bde800 DEOPT PACKING pc=0x000000000340b818 sp=0x000000001b23c310
Event: 2.808 Thread 0x0000000019bde800 DEOPT UNPACKING pc=0x00000000032e75d0 sp=0x000000001b23c068 mode 0
Event: 2.818 loading class com/google/common/cache/LocalCache$WeakEntry
Event: 2.818 loading class com/google/common/cache/LocalCache$WeakEntry done
Event: 2.819 Thread 0x0000000019bde800 Uncommon trap: trap_request=0xffffffc6 fr.pc=0x0000000003731458
Event: 2.819 Thread 0x0000000019bde800 DEOPT PACKING pc=0x0000000003731458 sp=0x000000001b23c230
Event: 2.819 Thread 0x0000000019bde800 DEOPT UNPACKING pc=0x00000000032e557b sp=0x000000001b23c208 mode 2
Event: 2.819 loading class org/gradle/tooling/internal/consumer/connection/InternalBuildActionAdapter
Event: 2.819 loading class org/gradle/tooling/internal/consumer/connection/InternalBuildActionAdapter done


Dynamic libraries:
0x00007ff7a2f70000 - 0x00007ff7a2fa1000 	C:\Program Files\Android\Android Studio\jre\bin\java.exe
0x00007ffe70140000 - 0x00007ffe70330000 	C:\WINDOWS\SYSTEM32\ntdll.dll
0x00007ffe6f850000 - 0x00007ffe6f902000 	C:\WINDOWS\System32\KERNEL32.DLL
0x00007ffe6ddc0000 - 0x00007ffe6e063000 	C:\WINDOWS\System32\KERNELBASE.dll
0x00007ffe6e620000 - 0x00007ffe6e6c3000 	C:\WINDOWS\System32\ADVAPI32.dll
0x00007ffe6f6f0000 - 0x00007ffe6f78e000 	C:\WINDOWS\System32\msvcrt.dll
0x00007ffe6e950000 - 0x00007ffe6e9e7000 	C:\WINDOWS\System32\sechost.dll
0x00007ffe6e6d0000 - 0x00007ffe6e7f0000 	C:\WINDOWS\System32\RPCRT4.dll
0x00007ffe6fc70000 - 0x00007ffe6fe04000 	C:\WINDOWS\System32\USER32.dll
0x00007ffe6e0f0000 - 0x00007ffe6e111000 	C:\WINDOWS\System32\win32u.dll
0x00007ffe6ffc0000 - 0x00007ffe6ffe6000 	C:\WINDOWS\System32\GDI32.dll
0x00007ffe6d3d0000 - 0x00007ffe6d564000 	C:\WINDOWS\System32\gdi32full.dll
0x00007ffe6e120000 - 0x00007ffe6e1be000 	C:\WINDOWS\System32\msvcp_win.dll
0x00007ffe6d0d0000 - 0x00007ffe6d1ca000 	C:\WINDOWS\System32\ucrtbase.dll
0x00007ffe59ed0000 - 0x00007ffe5a155000 	C:\WINDOWS\WinSxS\amd64_microsoft.windows.common-controls_6595b64144ccf1df_6.0.18362.418_none_e6c6b287130d565d\COMCTL32.dll
0x00007ffe6e2e0000 - 0x00007ffe6e616000 	C:\WINDOWS\System32\combase.dll
0x00007ffe6e070000 - 0x00007ffe6e0f0000 	C:\WINDOWS\System32\bcryptPrimitives.dll
0x00007ffe6fff0000 - 0x00007ffe7001e000 	C:\WINDOWS\System32\IMM32.DLL
0x0000000052d90000 - 0x0000000052e62000 	C:\Program Files\Android\Android Studio\jre\jre\bin\msvcr100.dll
0x0000000052f50000 - 0x0000000053796000 	C:\Program Files\Android\Android Studio\jre\jre\bin\server\jvm.dll
0x00007ffe6e250000 - 0x00007ffe6e258000 	C:\WINDOWS\System32\PSAPI.DLL
0x00007ffe6a990000 - 0x00007ffe6a9b4000 	C:\WINDOWS\SYSTEM32\WINMM.dll
0x00007ffe60690000 - 0x00007ffe6069a000 	C:\WINDOWS\SYSTEM32\VERSION.dll
0x00007ffe65740000 - 0x00007ffe65749000 	C:\WINDOWS\SYSTEM32\WSOCK32.dll
0x00007ffe6ff50000 - 0x00007ffe6ffbf000 	C:\WINDOWS\System32\WS2_32.dll
0x00007ffe6a880000 - 0x00007ffe6a8ad000 	C:\WINDOWS\SYSTEM32\WINMMBASE.dll
0x00007ffe6dd10000 - 0x00007ffe6dd5a000 	C:\WINDOWS\System32\cfgmgr32.dll
0x00007ffe67500000 - 0x00007ffe6750f000 	C:\Program Files\Android\Android Studio\jre\jre\bin\verify.dll
0x00007ffe5fcf0000 - 0x00007ffe5fd19000 	C:\Program Files\Android\Android Studio\jre\jre\bin\java.dll
0x00007ffe5ff80000 - 0x00007ffe5ff96000 	C:\Program Files\Android\Android Studio\jre\jre\bin\zip.dll
0x00007ffe6e9f0000 - 0x00007ffe6f0d5000 	C:\WINDOWS\System32\SHELL32.dll
0x00007ffe6f7a0000 - 0x00007ffe6f849000 	C:\WINDOWS\System32\shcore.dll
0x00007ffe6d590000 - 0x00007ffe6dd0f000 	C:\WINDOWS\System32\windows.storage.dll
0x00007ffe6d020000 - 0x00007ffe6d03f000 	C:\WINDOWS\System32\profapi.dll
0x00007ffe6d080000 - 0x00007ffe6d0ca000 	C:\WINDOWS\System32\powrprof.dll
0x00007ffe6d010000 - 0x00007ffe6d020000 	C:\WINDOWS\System32\UMPDC.dll
0x00007ffe6f220000 - 0x00007ffe6f272000 	C:\WINDOWS\System32\shlwapi.dll
0x00007ffe6d060000 - 0x00007ffe6d071000 	C:\WINDOWS\System32\kernel.appcore.dll
0x00007ffe6d570000 - 0x00007ffe6d587000 	C:\WINDOWS\System32\cryptsp.dll
0x00007ffe5f120000 - 0x00007ffe5f13a000 	C:\Program Files\Android\Android Studio\jre\jre\bin\net.dll
0x00007ffe6c880000 - 0x00007ffe6c8e7000 	C:\WINDOWS\system32\mswsock.dll
0x00007ffe5f100000 - 0x00007ffe5f111000 	C:\Program Files\Android\Android Studio\jre\jre\bin\nio.dll
0x00007ffe5c070000 - 0x00007ffe5c096000 	C:\Users\Marvin\.gradle\native\29\windows-amd64\native-platform.dll
0x00007ffe674f0000 - 0x00007ffe674fd000 	C:\Program Files\Android\Android Studio\jre\jre\bin\management.dll
0x00007ffe6c3f0000 - 0x00007ffe6c423000 	C:\WINDOWS\system32\rsaenh.dll
0x00007ffe6e1c0000 - 0x00007ffe6e1e6000 	C:\WINDOWS\System32\bcrypt.dll
0x00007ffe6cf30000 - 0x00007ffe6cf55000 	C:\WINDOWS\SYSTEM32\USERENV.dll
0x00007ffe6ca50000 - 0x00007ffe6ca5c000 	C:\WINDOWS\SYSTEM32\CRYPTBASE.dll
0x00007ffe6c590000 - 0x00007ffe6c5ca000 	C:\WINDOWS\SYSTEM32\IPHLPAPI.DLL
0x00007ffe700f0000 - 0x00007ffe700f8000 	C:\WINDOWS\System32\NSI.dll
0x00007ffe64940000 - 0x00007ffe64956000 	C:\WINDOWS\SYSTEM32\dhcpcsvc6.DLL
0x00007ffe64d20000 - 0x00007ffe64d3c000 	C:\WINDOWS\SYSTEM32\dhcpcsvc.DLL
0x00007ffe6c5d0000 - 0x00007ffe6c69a000 	C:\WINDOWS\SYSTEM32\DNSAPI.dll

VM Arguments:
jvm_args: -Xmx1024M -Dfile.encoding=windows-1252 -Duser.country=DE -Duser.language=de -Duser.variant 
java_command: org.gradle.launcher.daemon.bootstrap.GradleDaemon 5.4.1
java_class_path (initial): C:\Users\Marvin\.gradle\wrapper\dists\gradle-5.4.1-all\3221gyojl5jsh0helicew7rwx\gradle-5.4.1\lib\gradle-launcher-5.4.1.jar
Launcher Type: SUN_STANDARD

Environment Variables:
PATH=C:\Program Files (x86)\Common Files\Oracle\Java\javapath;C:\WINDOWS\system32;C:\WINDOWS;C:\WINDOWS\System32\Wbem;C:\WINDOWS\System32\WindowsPowerShell\v1.0\;C:\WINDOWS\System32\OpenSSH\;C:\Program Files (x86)\Brackets\command;C:\Program Files\Git\cmd;C:\Program Files (x86)\Intel\Intel(R) Management Engine Components\DAL;C:\Program Files\Intel\Intel(R) Management Engine Components\DAL;C:\Users\Marvin\AppData\Local\Microsoft\WindowsApps;C:\Program Files\Java\jdk1.8.0_191\bin;;C:\Program Files\JetBrains\IntelliJ IDEA Community Edition 2019.2.3\bin;
USERNAME=Marvin
OS=Windows_NT
PROCESSOR_IDENTIFIER=Intel64 Family 6 Model 142 Stepping 10, GenuineIntel



---------------  S Y S T E M  ---------------

OS: Windows 10.0 , 64 bit Build 18362 (10.0.18362.329)

CPU:total 8 (initial active 8) (4 cores per cpu, 2 threads per core) family 6 model 142 stepping 10, cmov, cx8, fxsr, mmx, sse, sse2, sse3, ssse3, sse4.1, sse4.2, popcnt, avx, avx2, aes, clmul, erms, 3dnowpref, lzcnt, ht, tsc, tscinvbit, bmi1, bmi2, adx

Memory: 4k page, physical 8287504k(1402340k free), swap 10240272k(16744k free)

vm_info: OpenJDK 64-Bit Server VM (25.202-b03) for windows-amd64 JRE (1.8.0_202-release-1483-b03), built by "builder" with MS VC++ 10.0 (VS2010)

time: Wed Nov 06 16:12:55 2019
timezone: Mitteleuropäische Zeit
elapsed time: 2 seconds (0d 0h 0m 2s)

